You have chosen a specific GPU. This will completely disable data parallelism.
[INFO] 2024-04-16 19:36:26 > Run name : LSFB-vanilla-medium-deep-daug-affine-train-2024_04_16_19_36_26
[INFO] 2024-04-16 19:36:26 > cfgs.DATA =
[INFO] 2024-04-16 19:36:26 > {
  "name": "LSFB",
  "input_size": [
    32,
    99,
    3
  ],
  "num_classes": 610,
  "min_samples": 20,
  "max_len": 32,
  "oversample": true,
  "poses": [
    [
      "pose",
      "all"
    ],
    [
      "right_hand",
      "all"
    ],
    [
      "left_hand",
      "all"
    ],
    [
      "face",
      [
        61,
        39,
        0,
        269,
        291,
        405,
        17,
        181,
        33,
        159,
        133,
        145,
        46,
        52,
        65,
        55,
        263,
        386,
        362,
        374,
        276,
        282,
        295,
        285
      ]
    ]
  ],
  "num_keypoints": 99,
  "flip_p": 0.5,
  "scale": 0.05,
  "random_crop": false,
  "drop_frame": 0.0,
  "drop_keypoint": 0.0,
  "block_size": 5,
  "rot": 5
}
[INFO] 2024-04-16 19:36:26 > cfgs.MODEL =
[INFO] 2024-04-16 19:36:26 > {
  "backbone": "conv1d",
  "apply_sn": false,
  "act_fn": "GELU",
  "feature_norm": "batchnorm",
  "apply_attn": true,
  "apply_ema": false,
  "ema_beta": 0.9999,
  "ema_update_after_step": 10,
  "ema_update_every": 1,
  "ema_power": 0.9,
  "nheads": 4,
  "embed_size": 32,
  "conv_dim": 64,
  "expand_ratio": 2,
  "depth": 4,
  "dropout": 0.2,
  "drop_path": 0.0,
  "late_dropout": 0.0,
  "late_drop_path": 0.0,
  "late_dropout_step": 0,
  "late_drop_path_step": 0,
  "init": "ortho",
  "temporal_fc_in": false,
  "temporal_fc_out": false,
  "use_spatial_fc": true,
  "apply_dw_conv": true
}
[INFO] 2024-04-16 19:36:26 > cfgs.LOSS =
[INFO] 2024-04-16 19:36:26 > {
  "loss_type": "CCE",
  "lecam_ema_start_iter": "N/A",
  "lecam_ema_decay": "N/A",
  "use_relative_loss": true
}
[INFO] 2024-04-16 19:36:26 > cfgs.OPTIMIZATION =
[INFO] 2024-04-16 19:36:26 > {
  "type_": "RAdam",
  "lrscheduler": "OneCycle",
  "batch_size": 1024,
  "lr": 0.0001,
  "weight_decay": 0.001,
  "momentum": 0.9,
  "nesterov": false,
  "alpha": "N/A",
  "beta1": 0.9,
  "beta2": 0.999,
  "total_steps": 20,
  "world_size": 1
}
[INFO] 2024-04-16 19:36:26 > cfgs.PRE =
[INFO] 2024-04-16 19:36:26 > {
  "apply_rflip": true
}
[INFO] 2024-04-16 19:36:26 > cfgs.AUG =
[INFO] 2024-04-16 19:36:26 > {}
[INFO] 2024-04-16 19:36:26 > cfgs.RUN =
[INFO] 2024-04-16 19:36:26 > {
  "mixed_precision": true,
  "entity": null,
  "project": "handcraft",
  "cfg_file": "./src/configs/LSFB/conv1d/vanilla-medium-deep-daug-affine.yaml",
  "data_dir": "/mnt/sda2/datasets/isolated-cont-sl/LSFB/",
  "save_dir": "/mnt/sda2/models/HandCraft/samples/LSFB/conv1d-vanilla-medium-deep-daug-affine/",
  "ckpt_dir": null,
  "load_best": false,
  "seed": 1320,
  "distributed_data_parallel": false,
  "backend": "nccl",
  "total_nodes": 1,
  "current_node": 0,
  "num_workers": 4,
  "prefetch_factor": 2,
  "synchronized_bn": false,
  "train": true,
  "empty_cache": false,
  "load_data_in_memory": true,
  "print_every": 1,
  "save_every": 1,
  "dset_used": 1.0,
  "fix_seed": false
}
[INFO] 2024-04-16 19:36:26 > Load LSFB train dataset.
[INFO] 2024-04-16 19:48:44 > Train dataset size: 957700
[INFO] 2024-04-16 19:48:44 > Valid dataset size: 5235
[INFO] 2024-04-16 19:48:44 > Load LSFB test dataset.
[INFO] 2024-04-16 20:00:19 > Test dataset size: 40059
[INFO] 2024-04-16 20:00:19 > Build the model.
[INFO] 2024-04-16 20:00:19 > Modules are located on './src/models.conv1d'.
[INFO] 2024-04-16 20:00:19 > Number of parameters: 337574
[INFO] 2024-04-16 20:00:19 > Classifier(
  (blocks): ModuleList(
    (0): ModuleList(
      (0): Block(
        (conv1d0): Conv1DBlock(
          (in_linear): Linear(in_features=32, out_features=64, bias=True)
          (conv1d): dwconv1d(
            (pad): ConstantPad1d(padding=(16, 0), value=0)
            (conv): Conv1d(64, 64, kernel_size=(17,), stride=(1,), padding=valid, groups=64)
          )
          (eca): eca(
            (avg_pool): AdaptiveAvgPool2d(output_size=1)
            (conv): Conv1d(1, 1, kernel_size=(3,), stride=(1,), padding=(1,), bias=False)
            (sigmoid): Sigmoid()
          )
          (bn): BatchNorm1d(64, eps=0.0001, momentum=0.1, affine=True, track_running_stats=True)
          (out_linear): Linear(in_features=64, out_features=32, bias=True)
          (dropout): Dropout(p=0.2, inplace=False)
          (drop_path): StochasticDepth(p=0.0, mode=batch)
          (activation): GELU(approximate='none')
        )
        (conv1d1): Conv1DBlock(
          (in_linear): Linear(in_features=32, out_features=64, bias=True)
          (conv1d): dwconv1d(
            (pad): ConstantPad1d(padding=(16, 0), value=0)
            (conv): Conv1d(64, 64, kernel_size=(17,), stride=(1,), padding=valid, groups=64)
          )
          (eca): eca(
            (avg_pool): AdaptiveAvgPool2d(output_size=1)
            (conv): Conv1d(1, 1, kernel_size=(3,), stride=(1,), padding=(1,), bias=False)
            (sigmoid): Sigmoid()
          )
          (bn): BatchNorm1d(64, eps=0.0001, momentum=0.1, affine=True, track_running_stats=True)
          (out_linear): Linear(in_features=64, out_features=32, bias=True)
          (dropout): Dropout(p=0.2, inplace=False)
          (drop_path): StochasticDepth(p=0.0, mode=batch)
          (activation): GELU(approximate='none')
        )
        (conv1d2): Conv1DBlock(
          (in_linear): Linear(in_features=32, out_features=128, bias=True)
          (conv1d): dwconv1d(
            (pad): ConstantPad1d(padding=(16, 0), value=0)
            (conv): Conv1d(128, 128, kernel_size=(17,), stride=(1,), padding=valid, groups=128)
          )
          (eca): eca(
            (avg_pool): AdaptiveAvgPool2d(output_size=1)
            (conv): Conv1d(1, 1, kernel_size=(3,), stride=(1,), padding=(1,), bias=False)
            (sigmoid): Sigmoid()
          )
          (bn): BatchNorm1d(128, eps=0.0001, momentum=0.1, affine=True, track_running_stats=True)
          (out_linear): Linear(in_features=128, out_features=64, bias=True)
          (dropout): Dropout(p=0.2, inplace=False)
          (drop_path): StochasticDepth(p=0.0, mode=batch)
          (activation): GELU(approximate='none')
        )
        (bn): BatchNorm1d(32, eps=0.0001, momentum=0.1, affine=True, track_running_stats=True)
      )
    )
    (1): ModuleList(
      (0): TransformerEncoderLayer(
        (self_attn): MultiheadAttention(
          (out_proj): NonDynamicallyQuantizableLinear(in_features=64, out_features=64, bias=True)
        )
        (linear1): Linear(in_features=64, out_features=64, bias=True)
        (dropout): Dropout(p=0.2, inplace=False)
        (linear2): Linear(in_features=64, out_features=64, bias=True)
        (norm1): LayerNorm((64,), eps=1e-05, elementwise_affine=True)
        (norm2): LayerNorm((64,), eps=1e-05, elementwise_affine=True)
        (dropout1): Dropout(p=0.2, inplace=False)
        (dropout2): Dropout(p=0.2, inplace=False)
      )
    )
    (2): ModuleList(
      (0): Block(
        (conv1d0): Conv1DBlock(
          (in_linear): Linear(in_features=64, out_features=128, bias=True)
          (conv1d): dwconv1d(
            (pad): ConstantPad1d(padding=(16, 0), value=0)
            (conv): Conv1d(128, 128, kernel_size=(17,), stride=(1,), padding=valid, groups=128)
          )
          (eca): eca(
            (avg_pool): AdaptiveAvgPool2d(output_size=1)
            (conv): Conv1d(1, 1, kernel_size=(3,), stride=(1,), padding=(1,), bias=False)
            (sigmoid): Sigmoid()
          )
          (bn): BatchNorm1d(128, eps=0.0001, momentum=0.1, affine=True, track_running_stats=True)
          (out_linear): Linear(in_features=128, out_features=64, bias=True)
          (dropout): Dropout(p=0.2, inplace=False)
          (drop_path): StochasticDepth(p=0.0, mode=batch)
          (activation): GELU(approximate='none')
        )
        (conv1d1): Conv1DBlock(
          (in_linear): Linear(in_features=64, out_features=128, bias=True)
          (conv1d): dwconv1d(
            (pad): ConstantPad1d(padding=(16, 0), value=0)
            (conv): Conv1d(128, 128, kernel_size=(17,), stride=(1,), padding=valid, groups=128)
          )
          (eca): eca(
            (avg_pool): AdaptiveAvgPool2d(output_size=1)
            (conv): Conv1d(1, 1, kernel_size=(3,), stride=(1,), padding=(1,), bias=False)
            (sigmoid): Sigmoid()
          )
          (bn): BatchNorm1d(128, eps=0.0001, momentum=0.1, affine=True, track_running_stats=True)
          (out_linear): Linear(in_features=128, out_features=64, bias=True)
          (dropout): Dropout(p=0.2, inplace=False)
          (drop_path): StochasticDepth(p=0.0, mode=batch)
          (activation): GELU(approximate='none')
        )
        (conv1d2): Conv1DBlock(
          (in_linear): Linear(in_features=64, out_features=128, bias=True)
          (conv1d): dwconv1d(
            (pad): ConstantPad1d(padding=(16, 0), value=0)
            (conv): Conv1d(128, 128, kernel_size=(17,), stride=(1,), padding=valid, groups=128)
          )
          (eca): eca(
            (avg_pool): AdaptiveAvgPool2d(output_size=1)
            (conv): Conv1d(1, 1, kernel_size=(3,), stride=(1,), padding=(1,), bias=False)
            (sigmoid): Sigmoid()
          )
          (bn): BatchNorm1d(128, eps=0.0001, momentum=0.1, affine=True, track_running_stats=True)
          (out_linear): Linear(in_features=128, out_features=64, bias=True)
          (dropout): Dropout(p=0.2, inplace=False)
          (drop_path): StochasticDepth(p=0.0, mode=batch)
          (activation): GELU(approximate='none')
        )
        (bn): BatchNorm1d(64, eps=0.0001, momentum=0.1, affine=True, track_running_stats=True)
      )
    )
    (3): ModuleList(
      (0): TransformerEncoderLayer(
        (self_attn): MultiheadAttention(
          (out_proj): NonDynamicallyQuantizableLinear(in_features=64, out_features=64, bias=True)
        )
        (linear1): Linear(in_features=64, out_features=64, bias=True)
        (dropout): Dropout(p=0.2, inplace=False)
        (linear2): Linear(in_features=64, out_features=64, bias=True)
        (norm1): LayerNorm((64,), eps=1e-05, elementwise_affine=True)
        (norm2): LayerNorm((64,), eps=1e-05, elementwise_affine=True)
        (dropout1): Dropout(p=0.2, inplace=False)
        (dropout2): Dropout(p=0.2, inplace=False)
      )
    )
    (4): ModuleList(
      (0): Block(
        (conv1d0): Conv1DBlock(
          (in_linear): Linear(in_features=64, out_features=128, bias=True)
          (conv1d): dwconv1d(
            (pad): ConstantPad1d(padding=(16, 0), value=0)
            (conv): Conv1d(128, 128, kernel_size=(17,), stride=(1,), padding=valid, groups=128)
          )
          (eca): eca(
            (avg_pool): AdaptiveAvgPool2d(output_size=1)
            (conv): Conv1d(1, 1, kernel_size=(3,), stride=(1,), padding=(1,), bias=False)
            (sigmoid): Sigmoid()
          )
          (bn): BatchNorm1d(128, eps=0.0001, momentum=0.1, affine=True, track_running_stats=True)
          (out_linear): Linear(in_features=128, out_features=64, bias=True)
          (dropout): Dropout(p=0.2, inplace=False)
          (drop_path): StochasticDepth(p=0.0, mode=batch)
          (activation): GELU(approximate='none')
        )
        (conv1d1): Conv1DBlock(
          (in_linear): Linear(in_features=64, out_features=128, bias=True)
          (conv1d): dwconv1d(
            (pad): ConstantPad1d(padding=(16, 0), value=0)
            (conv): Conv1d(128, 128, kernel_size=(17,), stride=(1,), padding=valid, groups=128)
          )
          (eca): eca(
            (avg_pool): AdaptiveAvgPool2d(output_size=1)
            (conv): Conv1d(1, 1, kernel_size=(3,), stride=(1,), padding=(1,), bias=False)
            (sigmoid): Sigmoid()
          )
          (bn): BatchNorm1d(128, eps=0.0001, momentum=0.1, affine=True, track_running_stats=True)
          (out_linear): Linear(in_features=128, out_features=64, bias=True)
          (dropout): Dropout(p=0.2, inplace=False)
          (drop_path): StochasticDepth(p=0.0, mode=batch)
          (activation): GELU(approximate='none')
        )
        (conv1d2): Conv1DBlock(
          (in_linear): Linear(in_features=64, out_features=128, bias=True)
          (conv1d): dwconv1d(
            (pad): ConstantPad1d(padding=(16, 0), value=0)
            (conv): Conv1d(128, 128, kernel_size=(17,), stride=(1,), padding=valid, groups=128)
          )
          (eca): eca(
            (avg_pool): AdaptiveAvgPool2d(output_size=1)
            (conv): Conv1d(1, 1, kernel_size=(3,), stride=(1,), padding=(1,), bias=False)
            (sigmoid): Sigmoid()
          )
          (bn): BatchNorm1d(128, eps=0.0001, momentum=0.1, affine=True, track_running_stats=True)
          (out_linear): Linear(in_features=128, out_features=64, bias=True)
          (dropout): Dropout(p=0.2, inplace=False)
          (drop_path): StochasticDepth(p=0.0, mode=batch)
          (activation): GELU(approximate='none')
        )
        (bn): BatchNorm1d(64, eps=0.0001, momentum=0.1, affine=True, track_running_stats=True)
      )
    )
    (5): ModuleList(
      (0): TransformerEncoderLayer(
        (self_attn): MultiheadAttention(
          (out_proj): NonDynamicallyQuantizableLinear(in_features=64, out_features=64, bias=True)
        )
        (linear1): Linear(in_features=64, out_features=64, bias=True)
        (dropout): Dropout(p=0.2, inplace=False)
        (linear2): Linear(in_features=64, out_features=64, bias=True)
        (norm1): LayerNorm((64,), eps=1e-05, elementwise_affine=True)
        (norm2): LayerNorm((64,), eps=1e-05, elementwise_affine=True)
        (dropout1): Dropout(p=0.2, inplace=False)
        (dropout2): Dropout(p=0.2, inplace=False)
      )
    )
    (6): ModuleList(
      (0): Block(
        (conv1d0): Conv1DBlock(
          (in_linear): Linear(in_features=64, out_features=128, bias=True)
          (conv1d): dwconv1d(
            (pad): ConstantPad1d(padding=(16, 0), value=0)
            (conv): Conv1d(128, 128, kernel_size=(17,), stride=(1,), padding=valid, groups=128)
          )
          (eca): eca(
            (avg_pool): AdaptiveAvgPool2d(output_size=1)
            (conv): Conv1d(1, 1, kernel_size=(3,), stride=(1,), padding=(1,), bias=False)
            (sigmoid): Sigmoid()
          )
          (bn): BatchNorm1d(128, eps=0.0001, momentum=0.1, affine=True, track_running_stats=True)
          (out_linear): Linear(in_features=128, out_features=64, bias=True)
          (dropout): Dropout(p=0.2, inplace=False)
          (drop_path): StochasticDepth(p=0.0, mode=batch)
          (activation): GELU(approximate='none')
        )
        (conv1d1): Conv1DBlock(
          (in_linear): Linear(in_features=64, out_features=128, bias=True)
          (conv1d): dwconv1d(
            (pad): ConstantPad1d(padding=(16, 0), value=0)
            (conv): Conv1d(128, 128, kernel_size=(17,), stride=(1,), padding=valid, groups=128)
          )
          (eca): eca(
            (avg_pool): AdaptiveAvgPool2d(output_size=1)
            (conv): Conv1d(1, 1, kernel_size=(3,), stride=(1,), padding=(1,), bias=False)
            (sigmoid): Sigmoid()
          )
          (bn): BatchNorm1d(128, eps=0.0001, momentum=0.1, affine=True, track_running_stats=True)
          (out_linear): Linear(in_features=128, out_features=64, bias=True)
          (dropout): Dropout(p=0.2, inplace=False)
          (drop_path): StochasticDepth(p=0.0, mode=batch)
          (activation): GELU(approximate='none')
        )
        (conv1d2): Conv1DBlock(
          (in_linear): Linear(in_features=64, out_features=128, bias=True)
          (conv1d): dwconv1d(
            (pad): ConstantPad1d(padding=(16, 0), value=0)
            (conv): Conv1d(128, 128, kernel_size=(17,), stride=(1,), padding=valid, groups=128)
          )
          (eca): eca(
            (avg_pool): AdaptiveAvgPool2d(output_size=1)
            (conv): Conv1d(1, 1, kernel_size=(3,), stride=(1,), padding=(1,), bias=False)
            (sigmoid): Sigmoid()
          )
          (bn): BatchNorm1d(128, eps=0.0001, momentum=0.1, affine=True, track_running_stats=True)
          (out_linear): Linear(in_features=128, out_features=64, bias=True)
          (dropout): Dropout(p=0.2, inplace=False)
          (drop_path): StochasticDepth(p=0.0, mode=batch)
          (activation): GELU(approximate='none')
        )
        (bn): BatchNorm1d(64, eps=0.0001, momentum=0.1, affine=True, track_running_stats=True)
      )
    )
    (7): ModuleList(
      (0): TransformerEncoderLayer(
        (self_attn): MultiheadAttention(
          (out_proj): NonDynamicallyQuantizableLinear(in_features=64, out_features=64, bias=True)
        )
        (linear1): Linear(in_features=64, out_features=64, bias=True)
        (dropout): Dropout(p=0.2, inplace=False)
        (linear2): Linear(in_features=64, out_features=64, bias=True)
        (norm1): LayerNorm((64,), eps=1e-05, elementwise_affine=True)
        (norm2): LayerNorm((64,), eps=1e-05, elementwise_affine=True)
        (dropout1): Dropout(p=0.2, inplace=False)
        (dropout2): Dropout(p=0.2, inplace=False)
      )
    )
  )
  (inlinear): Linear(in_features=297, out_features=32, bias=False)
  (bn): BatchNorm1d(32, eps=0.0001, momentum=0.1, affine=True, track_running_stats=True)
  (top_linear): Linear(in_features=64, out_features=128, bias=True)
  (outlinear): Linear(in_features=32, out_features=610, bias=True)
  (dropout): Dropout(p=0.2, inplace=False)
)
[INFO] 2024-04-16 20:00:22 > Start training!
[INFO] 2024-04-16 20:25:44 > Train Top 1-acc 0.5036	Train Top 10-acc 3.8427	Train Loss 6.2962
[INFO] 2024-04-16 20:25:44 > Step:      1 Progress: 5.0% Elapsed: 0:25:22 Loss: 6.296 Top1: 0.5036 Top10: 3.843 
[INFO] 2024-04-16 20:25:44 > Start Validation (1 Step): LSFB-vanilla-medium-deep-daug-affine-train-2024_04_16_19_36_26
[INFO] 2024-04-16 20:25:47 > Test Top 1-acc 0.7641	Test Top 10-acc 7.4881	Test Loss 5.916330139684813
[INFO] 2024-04-16 20:25:47 > Best Loss (Step: 1): 5.916330139684813	Best Top 1-acc 0.7641	Best Top 10-acc 7.4881
[INFO] 2024-04-16 20:25:47 > Save model to /mnt/sda2/models/HandCraft/samples/LSFB/conv1d-vanilla-medium-deep-daug-affine/checkpoints/LSFB-vanilla-medium-deep-daug-affine-train-2024_04_16_19_36_26
[INFO] 2024-04-16 20:51:11 > Train Top 1-acc 8.1714	Train Top 10-acc 31.8328	Train Loss 4.9167
[INFO] 2024-04-16 20:51:11 > Step:      2 Progress: 10.0% Elapsed: 0:50:49 Loss: 4.917 Top1: 8.171 Top10: 31.83 
[INFO] 2024-04-16 20:51:11 > Start Validation (2 Step): LSFB-vanilla-medium-deep-daug-affine-train-2024_04_16_19_36_26
[INFO] 2024-04-16 20:51:14 > Test Top 1-acc 6.5138	Test Top 10-acc 31.3849	Test Loss 4.946885446513849
[INFO] 2024-04-16 20:51:14 > Best Loss (Step: 2): 4.946885446513849	Best Top 1-acc 6.5138	Best Top 10-acc 31.3849
[INFO] 2024-04-16 20:51:14 > Save model to /mnt/sda2/models/HandCraft/samples/LSFB/conv1d-vanilla-medium-deep-daug-affine/checkpoints/LSFB-vanilla-medium-deep-daug-affine-train-2024_04_16_19_36_26
[INFO] 2024-04-16 21:16:38 > Train Top 1-acc 23.2599	Train Top 10-acc 59.1552	Train Loss 3.6672
[INFO] 2024-04-16 21:16:38 > Step:      3 Progress: 15.0% Elapsed: 1:16:16 Loss: 3.667 Top1: 23.26 Top10: 59.16 
[INFO] 2024-04-16 21:16:38 > Start Validation (3 Step): LSFB-vanilla-medium-deep-daug-affine-train-2024_04_16_19_36_26
[INFO] 2024-04-16 21:16:40 > Test Top 1-acc 12.7221	Test Top 10-acc 48.7679	Test Loss 4.405931381327603
[INFO] 2024-04-16 21:16:40 > Best Loss (Step: 3): 4.405931381327603	Best Top 1-acc 12.7221	Best Top 10-acc 48.7679
[INFO] 2024-04-16 21:16:40 > Save model to /mnt/sda2/models/HandCraft/samples/LSFB/conv1d-vanilla-medium-deep-daug-affine/checkpoints/LSFB-vanilla-medium-deep-daug-affine-train-2024_04_16_19_36_26
[INFO] 2024-04-16 21:42:04 > Train Top 1-acc 37.0450	Train Top 10-acc 74.2858	Train Loss 2.8098
[INFO] 2024-04-16 21:42:04 > Step:      4 Progress: 20.0% Elapsed: 1:41:42 Loss: 2.81 Top1: 37.05 Top10: 74.29 
[INFO] 2024-04-16 21:42:04 > Start Validation (4 Step): LSFB-vanilla-medium-deep-daug-affine-train-2024_04_16_19_36_26
[INFO] 2024-04-16 21:42:07 > Test Top 1-acc 17.4976	Test Top 10-acc 56.7526	Test Loss 4.022481270893028
[INFO] 2024-04-16 21:42:07 > Best Loss (Step: 4): 4.022481270893028	Best Top 1-acc 17.4976	Best Top 10-acc 56.7526
[INFO] 2024-04-16 21:42:07 > Save model to /mnt/sda2/models/HandCraft/samples/LSFB/conv1d-vanilla-medium-deep-daug-affine/checkpoints/LSFB-vanilla-medium-deep-daug-affine-train-2024_04_16_19_36_26
[INFO] 2024-04-16 22:07:31 > Train Top 1-acc 41.4468	Train Top 10-acc 77.4563	Train Loss 2.5878
[INFO] 2024-04-16 22:07:31 > Step:      5 Progress: 25.0% Elapsed: 2:07:09 Loss: 2.588 Top1: 41.45 Top10: 77.46 
[INFO] 2024-04-16 22:07:31 > Start Validation (5 Step): LSFB-vanilla-medium-deep-daug-affine-train-2024_04_16_19_36_26
[INFO] 2024-04-16 22:07:33 > Test Top 1-acc 21.3754	Test Top 10-acc 61.0506	Test Loss 3.882515893624642
[INFO] 2024-04-16 22:07:33 > Best Loss (Step: 5): 3.882515893624642	Best Top 1-acc 21.3754	Best Top 10-acc 61.0506
[INFO] 2024-04-16 22:07:33 > Save model to /mnt/sda2/models/HandCraft/samples/LSFB/conv1d-vanilla-medium-deep-daug-affine/checkpoints/LSFB-vanilla-medium-deep-daug-affine-train-2024_04_16_19_36_26
[INFO] 2024-04-16 22:32:57 > Train Top 1-acc 47.3903	Train Top 10-acc 82.4381	Train Loss 2.2462
[INFO] 2024-04-16 22:32:57 > Step:      6 Progress: 30.0% Elapsed: 2:32:35 Loss: 2.246 Top1: 47.39 Top10: 82.44 
[INFO] 2024-04-16 22:32:57 > Start Validation (6 Step): LSFB-vanilla-medium-deep-daug-affine-train-2024_04_16_19_36_26
[INFO] 2024-04-16 22:33:00 > Test Top 1-acc 20.9360	Test Top 10-acc 62.4069	Test Loss 3.906993567932187
[INFO] 2024-04-16 22:33:00 > Best Loss (Step: 5): 3.882515893624642	Best Top 1-acc 20.9360	Best Top 10-acc 62.4069
[INFO] 2024-04-16 22:33:00 > Save model to /mnt/sda2/models/HandCraft/samples/LSFB/conv1d-vanilla-medium-deep-daug-affine/checkpoints/LSFB-vanilla-medium-deep-daug-affine-train-2024_04_16_19_36_26
[INFO] 2024-04-16 22:58:24 > Train Top 1-acc 48.8002	Train Top 10-acc 82.9767	Train Loss 2.1907
[INFO] 2024-04-16 22:58:24 > Step:      7 Progress: 35.0% Elapsed: 2:58:02 Loss: 2.191 Top1: 48.8 Top10: 82.98 
[INFO] 2024-04-16 22:58:24 > Start Validation (7 Step): LSFB-vanilla-medium-deep-daug-affine-train-2024_04_16_19_36_26
[INFO] 2024-04-16 22:58:26 > Test Top 1-acc 22.6170	Test Top 10-acc 63.5148	Test Loss 3.961840377268386
[INFO] 2024-04-16 22:58:26 > Best Loss (Step: 5): 3.882515893624642	Best Top 1-acc 22.6170	Best Top 10-acc 63.5148
[INFO] 2024-04-16 22:58:26 > Save model to /mnt/sda2/models/HandCraft/samples/LSFB/conv1d-vanilla-medium-deep-daug-affine/checkpoints/LSFB-vanilla-medium-deep-daug-affine-train-2024_04_16_19_36_26
[INFO] 2024-04-16 23:23:50 > Train Top 1-acc 52.8129	Train Top 10-acc 85.8724	Train Loss 1.9779
[INFO] 2024-04-16 23:23:50 > Step:      8 Progress: 40.0% Elapsed: 3:23:28 Loss: 1.978 Top1: 52.81 Top10: 85.87 
[INFO] 2024-04-16 23:23:50 > Start Validation (8 Step): LSFB-vanilla-medium-deep-daug-affine-train-2024_04_16_19_36_26
[INFO] 2024-04-16 23:23:53 > Test Top 1-acc 23.4384	Test Top 10-acc 65.2722	Test Loss 3.7086803068290353
[INFO] 2024-04-16 23:23:53 > Best Loss (Step: 8): 3.7086803068290353	Best Top 1-acc 23.4384	Best Top 10-acc 65.2722
[INFO] 2024-04-16 23:23:53 > Save model to /mnt/sda2/models/HandCraft/samples/LSFB/conv1d-vanilla-medium-deep-daug-affine/checkpoints/LSFB-vanilla-medium-deep-daug-affine-train-2024_04_16_19_36_26
[INFO] 2024-04-16 23:49:17 > Train Top 1-acc 55.5127	Train Top 10-acc 87.4036	Train Loss 1.8434
[INFO] 2024-04-16 23:49:17 > Step:      9 Progress: 45.0% Elapsed: 3:48:55 Loss: 1.843 Top1: 55.51 Top10: 87.4 
[INFO] 2024-04-16 23:49:17 > Start Validation (9 Step): LSFB-vanilla-medium-deep-daug-affine-train-2024_04_16_19_36_26
[INFO] 2024-04-16 23:49:19 > Test Top 1-acc 28.2330	Test Top 10-acc 69.9331	Test Loss 3.389932545367717
[INFO] 2024-04-16 23:49:19 > Best Loss (Step: 9): 3.389932545367717	Best Top 1-acc 28.2330	Best Top 10-acc 69.9331
[INFO] 2024-04-16 23:49:19 > Save model to /mnt/sda2/models/HandCraft/samples/LSFB/conv1d-vanilla-medium-deep-daug-affine/checkpoints/LSFB-vanilla-medium-deep-daug-affine-train-2024_04_16_19_36_26
[INFO] 2024-04-17 00:14:43 > Train Top 1-acc 58.2339	Train Top 10-acc 88.8795	Train Loss 1.7126
[INFO] 2024-04-17 00:14:43 > Step:     10 Progress: 50.0% Elapsed: 4:14:21 Loss: 1.713 Top1: 58.23 Top10: 88.88 
[INFO] 2024-04-17 00:14:43 > Start Validation (10 Step): LSFB-vanilla-medium-deep-daug-affine-train-2024_04_16_19_36_26
[INFO] 2024-04-17 00:14:46 > Test Top 1-acc 27.0296	Test Top 10-acc 70.2197	Test Loss 3.450941305515759
[INFO] 2024-04-17 00:14:46 > Best Loss (Step: 9): 3.389932545367717	Best Top 1-acc 27.0296	Best Top 10-acc 70.2197
[INFO] 2024-04-17 00:14:46 > Save model to /mnt/sda2/models/HandCraft/samples/LSFB/conv1d-vanilla-medium-deep-daug-affine/checkpoints/LSFB-vanilla-medium-deep-daug-affine-train-2024_04_16_19_36_26
[INFO] 2024-04-17 00:40:09 > Train Top 1-acc 61.1961	Train Top 10-acc 90.2918	Train Loss 1.5755
[INFO] 2024-04-17 00:40:09 > Step:     11 Progress: 55.0% Elapsed: 4:39:47 Loss: 1.576 Top1: 61.2 Top10: 90.29 
[INFO] 2024-04-17 00:40:09 > Start Validation (11 Step): LSFB-vanilla-medium-deep-daug-affine-train-2024_04_16_19_36_26
[INFO] 2024-04-17 00:40:12 > Test Top 1-acc 24.2598	Test Top 10-acc 66.6285	Test Loss 4.070968391833811
[INFO] 2024-04-17 00:40:12 > Best Loss (Step: 9): 3.389932545367717	Best Top 1-acc 24.2598	Best Top 10-acc 66.6285
[INFO] 2024-04-17 00:40:12 > Save model to /mnt/sda2/models/HandCraft/samples/LSFB/conv1d-vanilla-medium-deep-daug-affine/checkpoints/LSFB-vanilla-medium-deep-daug-affine-train-2024_04_16_19_36_26
[INFO] 2024-04-17 01:05:36 > Train Top 1-acc 64.2155	Train Top 10-acc 91.6415	Train Loss 1.4381
[INFO] 2024-04-17 01:05:36 > Step:     12 Progress: 60.0% Elapsed: 5:05:14 Loss: 1.438 Top1: 64.22 Top10: 91.64 
[INFO] 2024-04-17 01:05:36 > Start Validation (12 Step): LSFB-vanilla-medium-deep-daug-affine-train-2024_04_16_19_36_26
[INFO] 2024-04-17 01:05:38 > Test Top 1-acc 25.0048	Test Top 10-acc 67.5645	Test Loss 3.9107345391595034
[INFO] 2024-04-17 01:05:38 > Best Loss (Step: 9): 3.389932545367717	Best Top 1-acc 25.0048	Best Top 10-acc 67.5645
[INFO] 2024-04-17 01:05:38 > Save model to /mnt/sda2/models/HandCraft/samples/LSFB/conv1d-vanilla-medium-deep-daug-affine/checkpoints/LSFB-vanilla-medium-deep-daug-affine-train-2024_04_16_19_36_26
[INFO] 2024-04-17 01:31:02 > Train Top 1-acc 67.2970	Train Top 10-acc 92.9138	Train Loss 1.2983
[INFO] 2024-04-17 01:31:02 > Step:     13 Progress: 65.0% Elapsed: 5:30:40 Loss: 1.298 Top1: 67.3 Top10: 92.91 
[INFO] 2024-04-17 01:31:02 > Start Validation (13 Step): LSFB-vanilla-medium-deep-daug-affine-train-2024_04_16_19_36_26
[INFO] 2024-04-17 01:31:05 > Test Top 1-acc 27.5836	Test Top 10-acc 70.6399	Test Loss 3.721359016833811
[INFO] 2024-04-17 01:31:05 > Best Loss (Step: 9): 3.389932545367717	Best Top 1-acc 27.5836	Best Top 10-acc 70.6399
[INFO] 2024-04-17 01:31:05 > Save model to /mnt/sda2/models/HandCraft/samples/LSFB/conv1d-vanilla-medium-deep-daug-affine/checkpoints/LSFB-vanilla-medium-deep-daug-affine-train-2024_04_16_19_36_26
[INFO] 2024-04-17 01:56:29 > Train Top 1-acc 70.5616	Train Top 10-acc 94.0193	Train Loss 1.1593
[INFO] 2024-04-17 01:56:29 > Step:     14 Progress: 70.0% Elapsed: 5:56:07 Loss: 1.159 Top1: 70.56 Top10: 94.02 
[INFO] 2024-04-17 01:56:29 > Start Validation (14 Step): LSFB-vanilla-medium-deep-daug-affine-train-2024_04_16_19_36_26
[INFO] 2024-04-17 01:56:31 > Test Top 1-acc 27.2397	Test Top 10-acc 70.9074	Test Loss 3.842785936007641
[INFO] 2024-04-17 01:56:31 > Best Loss (Step: 9): 3.389932545367717	Best Top 1-acc 27.2397	Best Top 10-acc 70.9074
[INFO] 2024-04-17 01:56:31 > Save model to /mnt/sda2/models/HandCraft/samples/LSFB/conv1d-vanilla-medium-deep-daug-affine/checkpoints/LSFB-vanilla-medium-deep-daug-affine-train-2024_04_16_19_36_26
[INFO] 2024-04-17 02:21:55 > Train Top 1-acc 73.6802	Train Top 10-acc 95.0852	Train Loss 1.0242
[INFO] 2024-04-17 02:21:55 > Step:     15 Progress: 75.0% Elapsed: 6:21:33 Loss: 1.024 Top1: 73.68 Top10: 95.09 
[INFO] 2024-04-17 02:21:55 > Start Validation (15 Step): LSFB-vanilla-medium-deep-daug-affine-train-2024_04_16_19_36_26
[INFO] 2024-04-17 02:21:58 > Test Top 1-acc 30.2006	Test Top 10-acc 73.0277	Test Loss 3.7505335183858644
[INFO] 2024-04-17 02:21:58 > Best Loss (Step: 9): 3.389932545367717	Best Top 1-acc 30.2006	Best Top 10-acc 73.0277
[INFO] 2024-04-17 02:21:58 > Save model to /mnt/sda2/models/HandCraft/samples/LSFB/conv1d-vanilla-medium-deep-daug-affine/checkpoints/LSFB-vanilla-medium-deep-daug-affine-train-2024_04_16_19_36_26
[INFO] 2024-04-17 02:47:21 > Train Top 1-acc 76.6865	Train Top 10-acc 96.0119	Train Loss 0.8988
[INFO] 2024-04-17 02:47:21 > Step:     16 Progress: 80.0% Elapsed: 6:46:59 Loss: 0.8988 Top1: 76.69 Top10: 96.01 
[INFO] 2024-04-17 02:47:21 > Start Validation (16 Step): LSFB-vanilla-medium-deep-daug-affine-train-2024_04_16_19_36_26
[INFO] 2024-04-17 02:47:24 > Test Top 1-acc 31.9389	Test Top 10-acc 74.6514	Test Loss 3.7153955497851
[INFO] 2024-04-17 02:47:24 > Best Loss (Step: 9): 3.389932545367717	Best Top 1-acc 31.9389	Best Top 10-acc 74.6514
[INFO] 2024-04-17 02:47:24 > Save model to /mnt/sda2/models/HandCraft/samples/LSFB/conv1d-vanilla-medium-deep-daug-affine/checkpoints/LSFB-vanilla-medium-deep-daug-affine-train-2024_04_16_19_36_26
[INFO] 2024-04-17 03:12:48 > Train Top 1-acc 79.3424	Train Top 10-acc 96.7495	Train Loss 0.7896
[INFO] 2024-04-17 03:12:48 > Step:     17 Progress: 85.0% Elapsed: 7:12:26 Loss: 0.7896 Top1: 79.34 Top10: 96.75 
[INFO] 2024-04-17 03:12:48 > Start Validation (17 Step): LSFB-vanilla-medium-deep-daug-affine-train-2024_04_16_19_36_26
[INFO] 2024-04-17 03:12:50 > Test Top 1-acc 32.1681	Test Top 10-acc 74.6323	Test Loss 3.849297098853868
[INFO] 2024-04-17 03:12:50 > Best Loss (Step: 9): 3.389932545367717	Best Top 1-acc 32.1681	Best Top 10-acc 74.6323
[INFO] 2024-04-17 03:12:50 > Save model to /mnt/sda2/models/HandCraft/samples/LSFB/conv1d-vanilla-medium-deep-daug-affine/checkpoints/LSFB-vanilla-medium-deep-daug-affine-train-2024_04_16_19_36_26
[INFO] 2024-04-17 03:38:14 > Train Top 1-acc 81.5617	Train Top 10-acc 97.2818	Train Loss 0.7032
[INFO] 2024-04-17 03:38:14 > Step:     18 Progress: 90.0% Elapsed: 7:37:52 Loss: 0.7032 Top1: 81.56 Top10: 97.28 
[INFO] 2024-04-17 03:38:14 > Start Validation (18 Step): LSFB-vanilla-medium-deep-daug-affine-train-2024_04_16_19_36_26
[INFO] 2024-04-17 03:38:17 > Test Top 1-acc 32.9704	Test Top 10-acc 75.5492	Test Loss 3.7999641833810887
[INFO] 2024-04-17 03:38:17 > Best Loss (Step: 9): 3.389932545367717	Best Top 1-acc 32.9704	Best Top 10-acc 75.5492
[INFO] 2024-04-17 03:38:17 > Save model to /mnt/sda2/models/HandCraft/samples/LSFB/conv1d-vanilla-medium-deep-daug-affine/checkpoints/LSFB-vanilla-medium-deep-daug-affine-train-2024_04_16_19_36_26
[INFO] 2024-04-17 04:03:41 > Train Top 1-acc 83.0588	Train Top 10-acc 97.6065	Train Loss 0.6448
[INFO] 2024-04-17 04:03:41 > Step:     19 Progress: 95.0% Elapsed: 8:03:19 Loss: 0.6448 Top1: 83.06 Top10: 97.61 
[INFO] 2024-04-17 04:03:41 > Start Validation (19 Step): LSFB-vanilla-medium-deep-daug-affine-train-2024_04_16_19_36_26
[INFO] 2024-04-17 04:03:43 > Test Top 1-acc 33.6581	Test Top 10-acc 75.7402	Test Loss 3.8432314052053487
[INFO] 2024-04-17 04:03:43 > Best Loss (Step: 9): 3.389932545367717	Best Top 1-acc 33.6581	Best Top 10-acc 75.7402
[INFO] 2024-04-17 04:03:43 > Save model to /mnt/sda2/models/HandCraft/samples/LSFB/conv1d-vanilla-medium-deep-daug-affine/checkpoints/LSFB-vanilla-medium-deep-daug-affine-train-2024_04_16_19_36_26
[INFO] 2024-04-17 04:29:07 > Train Top 1-acc 83.8909	Train Top 10-acc 97.7770	Train Loss 0.6139
[INFO] 2024-04-17 04:29:07 > Step:     20 Progress: 100.0% Elapsed: 8:28:45 Loss: 0.6139 Top1: 83.89 Top10: 97.78 
[INFO] 2024-04-17 04:29:07 > Start Validation (20 Step): LSFB-vanilla-medium-deep-daug-affine-train-2024_04_16_19_36_26
[INFO] 2024-04-17 04:29:10 > Test Top 1-acc 33.6581	Test Top 10-acc 76.0267	Test Loss 3.8542965019102198
[INFO] 2024-04-17 04:29:10 > Best Loss (Step: 9): 3.389932545367717	Best Top 1-acc 33.6581	Best Top 10-acc 76.0267
[INFO] 2024-04-17 04:29:10 > Save model to /mnt/sda2/models/HandCraft/samples/LSFB/conv1d-vanilla-medium-deep-daug-affine/checkpoints/LSFB-vanilla-medium-deep-daug-affine-train-2024_04_16_19_36_26
[INFO] 2024-04-17 04:29:10 > End of training!


[INFO] 2024-04-17 04:29:10 > --------------------------------------------------------------------------------
[INFO] 2024-04-17 04:29:10 > Start Testing (3.389932545367717 Step): LSFB-vanilla-medium-deep-daug-affine-train-2024_04_16_19_36_26
[INFO] 2024-04-17 04:29:26 > Test Top 1-acc 23.6526	Test Top 10-acc 66.5244	Test Loss 3.81139411165406
