wandb: Currently logged in as: gastonr (gaston-g-rios). Use `wandb login --relogin` to force relogin
wandb: wandb version 0.16.6 is available!  To upgrade, please run:
wandb:  $ pip install wandb --upgrade
wandb: Tracking run with wandb version 0.13.2
wandb: Run data is saved locally in /mnt/sda2/models/HandCraft/samples/LSFB/conv1d-vanilla-medium-deep-daug-affine/wandb/run-20240416_200021-2ehpi0tb
wandb: Run `wandb offline` to turn off syncing.
wandb: Syncing run LSFB-vanilla-medium-deep-daug-affine-train-2024_04_16_19_36_26
wandb: ⭐️ View project at https://wandb.ai/gaston-g-rios/handcraft
wandb: 🚀 View run at https://wandb.ai/gaston-g-rios/handcraft/runs/2ehpi0tb
/home/grios/myphyton/lib/python3.10/site-packages/torch/optim/lr_scheduler.py:143: UserWarning: Detected call of `lr_scheduler.step()` before `optimizer.step()`. In PyTorch 1.1.0 and later, you should call them in the opposite order: `optimizer.step()` before `lr_scheduler.step()`.  Failure to do this will result in PyTorch skipping the first value of the learning rate schedule. See more details at https://pytorch.org/docs/stable/optim.html#how-to-adjust-learning-rate
  warnings.warn("Detected call of `lr_scheduler.step()` before `optimizer.step()`. "
/home/grios/HandCraft/src/utils/optimizers.py:89: UserWarning: This overload of add_ is deprecated:
	add_(Number alpha, Tensor other)
Consider using one of the following signatures instead:
	add_(Tensor other, *, Number alpha) (Triggered internally at ../torch/csrc/utils/python_arg_parser.cpp:1630.)
  p.data.mul_(self.alpha).add_(1.0 - self.alpha, param_state['cached_params'])  # crucial line
wandb: Waiting for W&B process to finish... (success).
wandb: - 0.001 MB of 0.001 MB uploaded (0.000 MB deduped)wandb: \ 0.001 MB of 0.001 MB uploaded (0.000 MB deduped)wandb: | 0.001 MB of 0.001 MB uploaded (0.000 MB deduped)wandb: / 0.001 MB of 0.017 MB uploaded (0.000 MB deduped)wandb: - 0.001 MB of 0.021 MB uploaded (0.000 MB deduped)wandb: \ 0.001 MB of 0.021 MB uploaded (0.000 MB deduped)wandb: | 0.001 MB of 0.021 MB uploaded (0.000 MB deduped)wandb: / 0.001 MB of 0.021 MB uploaded (0.000 MB deduped)wandb: - 0.001 MB of 0.021 MB uploaded (0.000 MB deduped)wandb: \ 0.021 MB of 0.021 MB uploaded (0.000 MB deduped)wandb: | 0.021 MB of 0.021 MB uploaded (0.000 MB deduped)wandb: / 0.021 MB of 0.021 MB uploaded (0.000 MB deduped)wandb: - 0.021 MB of 0.021 MB uploaded (0.000 MB deduped)wandb: \ 0.021 MB of 0.021 MB uploaded (0.000 MB deduped)wandb: | 0.021 MB of 0.021 MB uploaded (0.000 MB deduped)wandb: / 0.021 MB of 0.021 MB uploaded (0.000 MB deduped)wandb: - 0.021 MB of 0.021 MB uploaded (0.000 MB deduped)wandb:                                                                                
wandb: 
wandb: Run history:
wandb:   test_loss █▅▄▃▂▂▃▂▁▁▃▂▂▂▂▂▂▂▂▂
wandb:   test_top1 ▁▂▄▅▅▅▆▆▇▇▆▆▇▇▇█████
wandb:  test_top10 ▁▃▅▆▆▇▇▇▇▇▇▇▇▇██████
wandb:  train_loss █▆▅▄▃▃▃▃▃▂▂▂▂▂▂▁▁▁▁▁
wandb:  train_top1 ▁▂▃▄▄▅▅▅▆▆▆▆▇▇▇▇████
wandb: train_top10 ▁▃▅▆▆▇▇▇▇▇▇█████████
wandb: 
wandb: Run summary:
wandb:   test_loss 3.8543
wandb:   test_top1 33.65807
wandb:  test_top10 76.02674
wandb:  train_loss 0.61393
wandb:  train_top1 83.8909
wandb: train_top10 97.77699
wandb: 
wandb: Synced LSFB-vanilla-medium-deep-daug-affine-train-2024_04_16_19_36_26: https://wandb.ai/gaston-g-rios/handcraft/runs/2ehpi0tb
wandb: Synced 5 W&B file(s), 0 media file(s), 0 artifact file(s) and 0 other file(s)
wandb: Find logs at: /mnt/sda2/models/HandCraft/samples/LSFB/conv1d-vanilla-medium-deep-daug-affine/wandb/run-20240416_200021-2ehpi0tb/logs
