Terminated
./script.sh: line 6: ./logs/LSFB/conv1d-vanilla-small/run0.out: No such file or directory
./script.sh: line 6: ./logs/LSFB/conv1d-vanilla-small/run0.out: No such file or directory
Terminated
./script.sh: line 7: conv1d-/run0.err: No such file or directory
Terminated
Terminated
Terminated
Terminated
Terminated
Terminated
Terminated
Terminated
Terminated
Terminated
Terminated
Terminated
Terminated
Terminated
Terminated
Terminated
Terminated
Terminated
Terminated
Terminated
Terminated
Terminated
Terminated
Terminated
Terminated
Terminated
Terminated
Traceback (most recent call last):
  File "/home/grios/myphyton/lib/python3.10/site-packages/urllib3/connection.py", line 174, in _new_conn
    conn = connection.create_connection(
  File "/home/grios/myphyton/lib/python3.10/site-packages/urllib3/util/connection.py", line 72, in create_connection
    for res in socket.getaddrinfo(host, port, family, socket.SOCK_STREAM):
  File "/usr/lib/python3.10/socket.py", line 955, in getaddrinfo
    for res in _socket.getaddrinfo(host, port, family, type, proto, flags):
socket.gaierror: [Errno -3] Temporary failure in name resolution

During handling of the above exception, another exception occurred:

Traceback (most recent call last):
  File "/home/grios/myphyton/lib/python3.10/site-packages/urllib3/connectionpool.py", line 703, in urlopen
    httplib_response = self._make_request(
  File "/home/grios/myphyton/lib/python3.10/site-packages/urllib3/connectionpool.py", line 386, in _make_request
    self._validate_conn(conn)
  File "/home/grios/myphyton/lib/python3.10/site-packages/urllib3/connectionpool.py", line 1042, in _validate_conn
    conn.connect()
  File "/home/grios/myphyton/lib/python3.10/site-packages/urllib3/connection.py", line 358, in connect
    self.sock = conn = self._new_conn()
  File "/home/grios/myphyton/lib/python3.10/site-packages/urllib3/connection.py", line 186, in _new_conn
    raise NewConnectionError(
urllib3.exceptions.NewConnectionError: <urllib3.connection.HTTPSConnection object at 0x7f5a5b98b2b0>: Failed to establish a new connection: [Errno -3] Temporary failure in name resolution

During handling of the above exception, another exception occurred:

Traceback (most recent call last):
  File "/home/grios/myphyton/lib/python3.10/site-packages/requests/adapters.py", line 489, in send
    resp = conn.urlopen(
  File "/home/grios/myphyton/lib/python3.10/site-packages/urllib3/connectionpool.py", line 787, in urlopen
    retries = retries.increment(
  File "/home/grios/myphyton/lib/python3.10/site-packages/urllib3/util/retry.py", line 592, in increment
    raise MaxRetryError(_pool, url, error or ResponseError(cause))
urllib3.exceptions.MaxRetryError: HTTPSConnectionPool(host='discord.com', port=443): Max retries exceeded with url: /api/webhooks/1037349670936117258/WFC8G6wIWgv6N_DU76-x1WAprInENfergQLq_wTnHvq031ksWKOrrfYcqrCQybr-I0dA?wait=True (Caused by NewConnectionError('<urllib3.connection.HTTPSConnection object at 0x7f5a5b98b2b0>: Failed to establish a new connection: [Errno -3] Temporary failure in name resolution'))

During handling of the above exception, another exception occurred:

Traceback (most recent call last):
  File "/usr/local/bin/discordbot.py", line 5, in <module>
    response = webhook.execute()
  File "/home/grios/myphyton/lib/python3.10/site-packages/discord_webhook/webhook.py", line 421, in execute
    response = self.api_post_request(url)
  File "/home/grios/myphyton/lib/python3.10/site-packages/discord_webhook/webhook.py", line 385, in api_post_request
    response = requests.post(
  File "/home/grios/myphyton/lib/python3.10/site-packages/requests/api.py", line 115, in post
    return request("post", url, data=data, json=json, **kwargs)
  File "/home/grios/myphyton/lib/python3.10/site-packages/requests/api.py", line 59, in request
    return session.request(method=method, url=url, **kwargs)
  File "/home/grios/myphyton/lib/python3.10/site-packages/requests/sessions.py", line 587, in request
    resp = self.send(prep, **send_kwargs)
  File "/home/grios/myphyton/lib/python3.10/site-packages/requests/sessions.py", line 701, in send
    r = adapter.send(request, **kwargs)
  File "/home/grios/myphyton/lib/python3.10/site-packages/requests/adapters.py", line 565, in send
    raise ConnectionError(e, request=request)
requests.exceptions.ConnectionError: HTTPSConnectionPool(host='discord.com', port=443): Max retries exceeded with url: /api/webhooks/1037349670936117258/WFC8G6wIWgv6N_DU76-x1WAprInENfergQLq_wTnHvq031ksWKOrrfYcqrCQybr-I0dA?wait=True (Caused by NewConnectionError('<urllib3.connection.HTTPSConnection object at 0x7f5a5b98b2b0>: Failed to establish a new connection: [Errno -3] Temporary failure in name resolution'))
Terminated
./script.sh: line 10: ./logs/LSFB/CsiMLPe-vanilla/run0.out: No such file or directory
./script.sh: line 10: ./logs/LSFB/CsiMLPe-vanilla/run0.out: No such file or directory
run: line 1: ./script: No such file or directory
run: line 1: ./script: No such file or directory
run: line 1: ./script: No such file or directory
run: line 1: ./script: No such file or directory
run: line 1: ./script: No such file or directory
run: line 1: ./script: No such file or directory
run: line 1: ./script: No such file or directory
run: line 1: ./script: No such file or directory
run: line 1: ./script: No such file or directory
run: line 1: ./script: No such file or directory
run: line 1: ./script: No such file or directory
run: line 1: ./script: No such file or directory
run: line 1: ./script: No such file or directory
run: line 1: ./script: No such file or directory
run: line 1: ./script: No such file or directory
run: line 1: ./script: No such file or directory
run: line 1: ./script: No such file or directory
run: line 1: ./script: No such file or directory
sh: 0: cannot open ./script: No such file
sh: 0: cannot open ./script: No such file
sh: 0: cannot open ./script: No such file
sh: 0: cannot open ./script: No such file
sh: 0: cannot open ./script: No such file
sh: 0: cannot open ./script: No such file
sh: 0: cannot open ./script: No such file
sh: 0: cannot open ./script: No such file
sh: 0: cannot open ./script: No such file
sh: 0: cannot open ./script: No such file
sh: 0: cannot open ./script: No such file
sh: 0: cannot open ./script: No such file
sh: 0: cannot open ./script: No such file
sh: 0: cannot open ./script: No such file
sh: 0: cannot open ./script: No such file
sh: 0: cannot open ./script: No such file
sh: 0: cannot open ./script: No such file
sh: 0: cannot open ./script: No such file
./multiscript.sh: line 4: ./script: No such file or directory
./multiscript.sh: line 5: ./script: No such file or directory
./multiscript.sh: line 6: ./script: No such file or directory
./multiscript.sh: line 7: ./script: No such file or directory
./multiscript.sh: line 8: ./script: No such file or directory
./multiscript.sh: line 9: ./script: No such file or directory
making dir depth_big
Training depth_big
making dir depth_medium
Training depth_medium
Terminated
making dir depth_small
Training depth_small
Terminated
making dir loss_simple
Training loss_simple
Terminated
making dir target_long
Training target_long
Terminated
making dir target_short
Training target_short
Terminated
making dir depth_big
Training depth_big
making dir depth_medium
Training depth_medium
Terminated
making dir depth_small
Training depth_small
Terminated
making dir loss_simple
Training loss_simple
Terminated
making dir target_long
Training target_long
Terminated
making dir target_short
Training target_short
Terminated
making dir CsiMLPe-depth_big
Training
making dir CsiMLPe-depth_big
Training
making dir CsiMLPe-depth_big
Training
