You have chosen a specific GPU. This will completely disable data parallelism.
[INFO] 2024-05-30 02:08:03 > Run name : LSFB-vanilla-train-2024_05_21_19_17_26
[INFO] 2024-05-30 02:08:03 > cfgs.DATA =
[INFO] 2024-05-30 02:08:03 > {
  "name": "LSFB",
  "input_size": [
    24,
    99,
    3
  ],
  "num_classes": 610,
  "min_samples": 20,
  "max_len": 32,
  "target_len": 8,
  "oversample": true,
  "poses": [
    [
      "pose",
      "all"
    ],
    [
      "right_hand",
      "all"
    ],
    [
      "left_hand",
      "all"
    ],
    [
      "face",
      [
        61,
        39,
        0,
        269,
        291,
        405,
        17,
        181,
        33,
        159,
        133,
        145,
        46,
        52,
        65,
        55,
        263,
        386,
        362,
        374,
        276,
        282,
        295,
        285
      ]
    ]
  ],
  "num_keypoints": 99,
  "flip_p": 0.0,
  "scale": 0.0,
  "random_crop": false,
  "drop_frame": 0.0,
  "drop_keypoint": 0.0,
  "block_size": 5,
  "rot": 0.0
}
[INFO] 2024-05-30 02:08:03 > cfgs.MODEL =
[INFO] 2024-05-30 02:08:03 > {
  "backbone": "CsiMLPe",
  "apply_sn": false,
  "act_fn": "ReLU",
  "feature_norm": "slayernorm",
  "apply_attn": true,
  "apply_ema": false,
  "ema_beta": 0.9999,
  "ema_update_after_step": 10,
  "ema_update_every": 1,
  "ema_power": 0.9,
  "nheads": 4,
  "embed_size": 64,
  "class_emb_size": 32,
  "class_dropout_prob": 0.0,
  "conv_dim": 64,
  "k_size": 17,
  "stride": 1,
  "expand_ratio": 2,
  "depth": 4,
  "dropout": 0.8,
  "drop_path": 0.2,
  "late_dropout": null,
  "late_drop_path": null,
  "late_dropout_step": null,
  "late_drop_path_step": null,
  "init": "ortho",
  "temporal_fc_in": false,
  "temporal_fc_out": false,
  "use_spatial_fc": false,
  "apply_dw_conv": false
}
[INFO] 2024-05-30 02:08:03 > cfgs.LOSS =
[INFO] 2024-05-30 02:08:03 > {
  "loss_type": "motion",
  "lecam_ema_start_iter": "N/A",
  "lecam_ema_decay": "N/A",
  "relative_motion": true
}
[INFO] 2024-05-30 02:08:03 > cfgs.OPTIMIZATION =
[INFO] 2024-05-30 02:08:03 > {
  "type_": "Adam",
  "lrscheduler": null,
  "batch_size": 128,
  "lr": 1e-05,
  "weight_decay": 0.0001,
  "lookahead": false,
  "momentum": "N/A",
  "nesterov": false,
  "alpha": "N/A",
  "beta1": 0.9,
  "beta2": 0.999,
  "total_steps": 100,
  "world_size": 1
}
[INFO] 2024-05-30 02:08:03 > cfgs.PRE =
[INFO] 2024-05-30 02:08:03 > {
  "apply_rflip": true
}
[INFO] 2024-05-30 02:08:03 > cfgs.AUG =
[INFO] 2024-05-30 02:08:03 > {}
[INFO] 2024-05-30 02:08:03 > cfgs.RUN =
[INFO] 2024-05-30 02:08:03 > {
  "mixed_precision": true,
  "guidance_scale": 1,
  "entity": null,
  "project": "handcraft-CsiMLPe",
  "cfg_file": "./src/configs/LSFB/CsiMLPe/vanilla.yaml",
  "data_dir": "/mnt/sda2/datasets/isolated-cont-sl/LSFB/",
  "save_dir": "/mnt/sda2/models/HandCraft/samples/LSFB/CsiMLPe-vanilla/",
  "ckpt_dir": "/mnt/sda2/models/HandCraft/samples/LSFB/CsiMLPe-vanilla/checkpoints/LSFB-vanilla-train-2024_05_21_19_17_26/",
  "load_best": true,
  "seed": 3955,
  "distributed_data_parallel": false,
  "backend": "nccl",
  "mode": "cond_prediction",
  "total_nodes": 1,
  "current_node": 0,
  "num_workers": 4,
  "prefetch_factor": 2,
  "synchronized_bn": false,
  "train": false,
  "test": false,
  "save_sample": false,
  "save_dataset": true,
  "sd_num": 10,
  "empty_cache": false,
  "load_data_in_memory": false,
  "print_every": 5,
  "save_every": 5,
  "dset_used": 1.0,
  "fix_seed": false
}
[INFO] 2024-05-30 02:08:03 > Load LSFB train dataset.
[INFO] 2024-05-30 02:08:03 > Train dataset size: 957700
[INFO] 2024-05-30 02:08:03 > Valid dataset size: 5235
[INFO] 2024-05-30 02:08:03 > Load LSFB test dataset.
[INFO] 2024-05-30 02:08:03 > Test dataset size: 40059
[INFO] 2024-05-30 02:08:03 > Build the model.
[INFO] 2024-05-30 02:08:03 > Modules are located on './src/models.CsiMLPe'.
[INFO] 2024-05-30 02:08:03 > Number of parameters: 203628
[INFO] 2024-05-30 02:08:03 > Model(
  (arr0): Rearrange('b n d -> b d n')
  (arr1): Rearrange('b d n -> b n d')
  (motion_mlp): TransMLP(
    (mlps): Sequential(
      (0): MLPblock(
        (fc0): Temporal_FC(
          (fc): Linear(in_features=24, out_features=24, bias=True)
        )
        (norm0): SLayerNorm()
        (adaLN_modulation): Sequential(
          (0): SiLU()
          (1): Linear(in_features=24, out_features=72, bias=True)
        )
      )
      (1): MLPblock(
        (fc0): Temporal_FC(
          (fc): Linear(in_features=24, out_features=24, bias=True)
        )
        (norm0): SLayerNorm()
        (adaLN_modulation): Sequential(
          (0): SiLU()
          (1): Linear(in_features=24, out_features=72, bias=True)
        )
      )
      (2): MLPblock(
        (fc0): Temporal_FC(
          (fc): Linear(in_features=24, out_features=24, bias=True)
        )
        (norm0): SLayerNorm()
        (adaLN_modulation): Sequential(
          (0): SiLU()
          (1): Linear(in_features=24, out_features=72, bias=True)
        )
      )
      (3): MLPblock(
        (fc0): Temporal_FC(
          (fc): Linear(in_features=24, out_features=24, bias=True)
        )
        (norm0): SLayerNorm()
        (adaLN_modulation): Sequential(
          (0): SiLU()
          (1): Linear(in_features=24, out_features=72, bias=True)
        )
      )
    )
  )
  (motion_fc_in): Linear(in_features=297, out_features=297, bias=True)
  (motion_fc_out): Linear(in_features=297, out_features=297, bias=True)
  (y_embedder): LabelEmbedder(
    (embedding_table): Embedding(610, 24)
  )
)
[INFO] 2024-05-30 02:08:03 > Checkpoint is /mnt/sda2/models/HandCraft/samples/LSFB/CsiMLPe-vanilla/checkpoints/LSFB-vanilla-train-2024_05_21_19_17_26/model=CsiMLPe-best-weights-step=93.pth


[INFO] 2024-05-30 02:08:06 > --------------------------------------------------------------------------------

[INFO] 2024-05-30 02:08:06 > --------------------------------------------------------------------------------
Generating class 203
[INFO] 2024-05-30 02:31:22 > Save 10 generated poses.
[INFO] 2024-05-30 02:31:23 > Dataset saved.
Generating class 313
[INFO] 2024-05-30 02:31:23 > Save 10 generated poses.
[INFO] 2024-05-30 02:31:23 > Dataset saved.
Generating class 429
[INFO] 2024-05-30 02:31:23 > Save 10 generated poses.
[INFO] 2024-05-30 02:31:24 > Dataset saved.
Generating class 51
[INFO] 2024-05-30 02:31:24 > Save 10 generated poses.
[INFO] 2024-05-30 02:31:25 > Dataset saved.
Generating class 471
[INFO] 2024-05-30 02:31:25 > Save 10 generated poses.
[INFO] 2024-05-30 02:31:25 > Dataset saved.
Generating class 319
[INFO] 2024-05-30 02:31:25 > Save 10 generated poses.
[INFO] 2024-05-30 02:31:26 > Dataset saved.
Generating class 194
[INFO] 2024-05-30 02:31:26 > Save 10 generated poses.
[INFO] 2024-05-30 02:31:27 > Dataset saved.
Generating class 444
[INFO] 2024-05-30 02:31:27 > Save 10 generated poses.
[INFO] 2024-05-30 02:31:28 > Dataset saved.
Generating class 453
[INFO] 2024-05-30 02:31:28 > Save 10 generated poses.
[INFO] 2024-05-30 02:31:28 > Dataset saved.
Generating class 63
[INFO] 2024-05-30 02:31:28 > Save 10 generated poses.
[INFO] 2024-05-30 02:31:29 > Dataset saved.
Generating class 9
[INFO] 2024-05-30 02:31:29 > Save 10 generated poses.
[INFO] 2024-05-30 02:31:30 > Dataset saved.
Generating class 30
[INFO] 2024-05-30 02:31:30 > Save 10 generated poses.
[INFO] 2024-05-30 02:31:31 > Dataset saved.
Generating class 349
[INFO] 2024-05-30 02:31:31 > Save 10 generated poses.
[INFO] 2024-05-30 02:31:31 > Dataset saved.
Generating class 298
[INFO] 2024-05-30 02:31:31 > Save 10 generated poses.
[INFO] 2024-05-30 02:31:32 > Dataset saved.
Generating class 667
