Traceback (most recent call last):
  File "/home/grios/HandCraft/src/main.py", line 15, in <module>
    from torch.multiprocessing import Process
  File "/home/grios/myphyton/lib/python3.10/site-packages/torch/__init__.py", line 1570, in <module>
    from torch import quantization as quantization
  File "/home/grios/myphyton/lib/python3.10/site-packages/torch/quantization/__init__.py", line 1, in <module>
    from .quantize import *  # noqa: F403
  File "/home/grios/myphyton/lib/python3.10/site-packages/torch/quantization/quantize.py", line 10, in <module>
    from torch.ao.quantization.quantize import (
  File "/home/grios/myphyton/lib/python3.10/site-packages/torch/ao/quantization/__init__.py", line 3, in <module>
    from .fake_quantize import *  # noqa: F403
  File "/home/grios/myphyton/lib/python3.10/site-packages/torch/ao/quantization/fake_quantize.py", line 5, in <module>
    from torch.ao.quantization.observer import (
  File "/home/grios/myphyton/lib/python3.10/site-packages/torch/ao/quantization/observer.py", line 15, in <module>
    from torch.ao.quantization.utils import (
  File "/home/grios/myphyton/lib/python3.10/site-packages/torch/ao/quantization/utils.py", line 12, in <module>
    from torch.fx import Node
  File "/home/grios/myphyton/lib/python3.10/site-packages/torch/fx/__init__.py", line 83, in <module>
    from .graph_module import GraphModule
  File "/home/grios/myphyton/lib/python3.10/site-packages/torch/fx/graph_module.py", line 18, in <module>
    from .graph import _custom_builtins, _is_from_torch, _PyTreeCodeGen, Graph, PythonCode
  File "/home/grios/myphyton/lib/python3.10/site-packages/torch/fx/graph.py", line 736, in <module>
    class Graph:
  File "/home/grios/myphyton/lib/python3.10/site-packages/torch/fx/graph.py", line 866, in Graph
    def create_node(self, op: str, target: 'Target',
  File "/home/grios/myphyton/lib/python3.10/site-packages/torch/fx/_compatibility.py", line 11, in mark_back_compat
    docstring = textwrap.dedent(getattr(fn, '__doc__', None) or '')
  File "/usr/lib/python3.10/textwrap.py", line 438, in dedent
    text = _whitespace_only_re.sub('', text)
KeyboardInterrupt
