wandb: Currently logged in as: gastonr (gaston-g-rios). Use `wandb login --relogin` to force relogin
wandb: wandb version 0.16.6 is available!  To upgrade, please run:
wandb:  $ pip install wandb --upgrade
wandb: Tracking run with wandb version 0.13.2
wandb: Run data is saved locally in /mnt/sda2/models/HandCraft/samples/LSFB/conv1d-vanilla-medium-deep-daug/wandb/run-20240415_042711-2ho0ungg
wandb: Run `wandb offline` to turn off syncing.
wandb: Syncing run LSFB-vanilla-medium-deep-daug-train-2024_04_15_04_25_08
wandb: 猸愶笍 View project at https://wandb.ai/gaston-g-rios/handcraft
wandb: 馃殌 View run at https://wandb.ai/gaston-g-rios/handcraft/runs/2ho0ungg
/home/grios/myphyton/lib/python3.10/site-packages/torch/optim/lr_scheduler.py:143: UserWarning: Detected call of `lr_scheduler.step()` before `optimizer.step()`. In PyTorch 1.1.0 and later, you should call them in the opposite order: `optimizer.step()` before `lr_scheduler.step()`.  Failure to do this will result in PyTorch skipping the first value of the learning rate schedule. See more details at https://pytorch.org/docs/stable/optim.html#how-to-adjust-learning-rate
  warnings.warn("Detected call of `lr_scheduler.step()` before `optimizer.step()`. "
/home/grios/HandCraft/src/utils/optimizers.py:89: UserWarning: This overload of add_ is deprecated:
	add_(Number alpha, Tensor other)
Consider using one of the following signatures instead:
	add_(Tensor other, *, Number alpha) (Triggered internally at ../torch/csrc/utils/python_arg_parser.cpp:1630.)
  p.data.mul_(self.alpha).add_(1.0 - self.alpha, param_state['cached_params'])  # crucial line
wandb: Waiting for W&B process to finish... (success).
wandb: - 0.001 MB of 0.001 MB uploaded (0.000 MB deduped)wandb: \ 0.001 MB of 0.001 MB uploaded (0.000 MB deduped)wandb: | 0.001 MB of 0.001 MB uploaded (0.000 MB deduped)wandb: / 0.001 MB of 0.001 MB uploaded (0.000 MB deduped)wandb: - 0.001 MB of 0.042 MB uploaded (0.000 MB deduped)wandb: \ 0.001 MB of 0.042 MB uploaded (0.000 MB deduped)wandb: | 0.001 MB of 0.042 MB uploaded (0.000 MB deduped)wandb: / 0.001 MB of 0.042 MB uploaded (0.000 MB deduped)wandb: - 0.001 MB of 0.042 MB uploaded (0.000 MB deduped)wandb: \ 0.001 MB of 0.042 MB uploaded (0.000 MB deduped)wandb: | 0.042 MB of 0.042 MB uploaded (0.000 MB deduped)wandb: / 0.042 MB of 0.042 MB uploaded (0.000 MB deduped)wandb: - 0.042 MB of 0.042 MB uploaded (0.000 MB deduped)wandb: \ 0.042 MB of 0.042 MB uploaded (0.000 MB deduped)wandb: | 0.042 MB of 0.042 MB uploaded (0.000 MB deduped)wandb: / 0.042 MB of 0.042 MB uploaded (0.000 MB deduped)wandb: - 0.042 MB of 0.042 MB uploaded (0.000 MB deduped)wandb: \ 0.042 MB of 0.042 MB uploaded (0.000 MB deduped)wandb:                                                                                
wandb: 
wandb: Run history:
wandb:   test_loss 鈻団枀鈻勨杻鈻冣杺鈻傗杹鈻傗杺鈻堚杹鈻佲杹鈻傗杻鈻傗杺鈻傗杺鈻傗杹鈻傗杹鈻佲杹鈻傗杺鈻傗杺鈻佲杹鈻傗杺鈻傗杺鈻傗杺鈻傗杺
wandb:   test_top1 鈻佲杺鈻傗杻鈻勨枀鈻呪枂鈻呪枀鈻佲枂鈻嗏枂鈻呪枀鈻呪枂鈻嗏枂鈻嗏枃鈻嗏枃鈻団枃鈻団枂鈻団枃鈻団枃鈻堚枅鈻堚枅鈻堚枅鈻堚枅
wandb:  test_top10 鈻傗杻鈻勨枀鈻嗏枃鈻団枃鈻団枃鈻佲枃鈻団枃鈻団枃鈻団枃鈻団枃鈻団枃鈻団枅鈻堚枅鈻堚枅鈻堚枅鈻堚枅鈻堚枅鈻堚枅鈻堚枅鈻堚枅
wandb:  train_loss 鈻堚枃鈻嗏枀鈻勨杻鈻冣杻鈻冣杻鈻勨杽鈻冣杻鈻冣杻鈻冣杺鈻傗杺鈻傗杺鈻傗杺鈻傗杺鈻傗杺鈻傗杺鈻佲杹鈻佲杹鈻佲杹鈻佲杹鈻佲杹
wandb:  train_top1 鈻佲杹鈻傗杻鈻勨枀鈻呪枀鈻呪枀鈻呪杽鈻呪枀鈻呪枀鈻嗏枂鈻嗏枂鈻嗏枂鈻嗏枂鈻団枃鈻団枃鈻団枃鈻団枃鈻堚枅鈻堚枅鈻堚枅鈻堚枅
wandb: train_top10 鈻佲杺鈻勨枀鈻嗏枃鈻団枃鈻団枃鈻嗏枂鈻団枃鈻嗏枃鈻団枃鈻団枃鈻団枃鈻堚枅鈻堚枅鈻堚枅鈻堚枅鈻堚枅鈻堚枅鈻堚枅鈻堚枅鈻堚枅
wandb: 
wandb: Run summary:
wandb:   test_loss 3.89716
wandb:   test_top1 35.41547
wandb:  test_top10 75.18625
wandb:  train_loss 0.59768
wandb:  train_top1 84.87675
wandb: train_top10 97.24682
wandb: 
wandb: Synced LSFB-vanilla-medium-deep-daug-train-2024_04_15_04_25_08: https://wandb.ai/gaston-g-rios/handcraft/runs/2ho0ungg
wandb: Synced 5 W&B file(s), 0 media file(s), 0 artifact file(s) and 0 other file(s)
wandb: Find logs at: /mnt/sda2/models/HandCraft/samples/LSFB/conv1d-vanilla-medium-deep-daug/wandb/run-20240415_042711-2ho0ungg/logs
