You have chosen a specific GPU. This will completely disable data parallelism.
[INFO] 2024-04-15 04:25:08 > Run name : LSFB-vanilla-medium-deep-daug-train-2024_04_15_04_25_08
[INFO] 2024-04-15 04:25:08 > cfgs.DATA =
[INFO] 2024-04-15 04:25:08 > {
  "name": "LSFB",
  "input_size": [
    32,
    99,
    3
  ],
  "num_classes": 610,
  "min_samples": 20,
  "max_len": 32,
  "oversample": true,
  "poses": [
    [
      "pose",
      "all"
    ],
    [
      "right_hand",
      "all"
    ],
    [
      "left_hand",
      "all"
    ],
    [
      "face",
      [
        61,
        39,
        0,
        269,
        291,
        405,
        17,
        181,
        33,
        159,
        133,
        145,
        46,
        52,
        65,
        55,
        263,
        386,
        362,
        374,
        276,
        282,
        295,
        285
      ]
    ]
  ],
  "num_keypoints": 99,
  "flip_p": 0.5,
  "scale": 0.05,
  "random_crop": false,
  "drop_frame": 0.1,
  "drop_keypoint": 0.1,
  "block_size": 9,
  "rot": 5
}
[INFO] 2024-04-15 04:25:08 > cfgs.MODEL =
[INFO] 2024-04-15 04:25:08 > {
  "backbone": "conv1d",
  "apply_sn": false,
  "act_fn": "GELU",
  "feature_norm": "batchnorm",
  "apply_attn": true,
  "apply_ema": false,
  "ema_beta": 0.9999,
  "ema_update_after_step": 10,
  "ema_update_every": 1,
  "ema_power": 0.9,
  "nheads": 4,
  "embed_size": 32,
  "conv_dim": 64,
  "expand_ratio": 2,
  "depth": 4,
  "dropout": 0.2,
  "drop_path": 0.0,
  "late_dropout": 0.0,
  "late_drop_path": 0.0,
  "late_dropout_step": 0,
  "late_drop_path_step": 0,
  "init": "ortho",
  "temporal_fc_in": false,
  "temporal_fc_out": false,
  "use_spatial_fc": true,
  "apply_dw_conv": true
}
[INFO] 2024-04-15 04:25:08 > cfgs.LOSS =
[INFO] 2024-04-15 04:25:08 > {
  "loss_type": "CCE",
  "lecam_ema_start_iter": "N/A",
  "lecam_ema_decay": "N/A",
  "use_relative_loss": true
}
[INFO] 2024-04-15 04:25:08 > cfgs.OPTIMIZATION =
[INFO] 2024-04-15 04:25:08 > {
  "type_": "Adam",
  "lrscheduler": "OneCycle",
  "batch_size": 1024,
  "lr": 0.0001,
  "weight_decay": 0.001,
  "momentum": "N/A",
  "nesterov": "N/A",
  "alpha": "N/A",
  "beta1": 0.9,
  "beta2": 0.999,
  "total_steps": 50,
  "world_size": 1
}
[INFO] 2024-04-15 04:25:08 > cfgs.PRE =
[INFO] 2024-04-15 04:25:08 > {
  "apply_rflip": true
}
[INFO] 2024-04-15 04:25:08 > cfgs.AUG =
[INFO] 2024-04-15 04:25:08 > {}
[INFO] 2024-04-15 04:25:08 > cfgs.RUN =
[INFO] 2024-04-15 04:25:08 > {
  "mixed_precision": true,
  "entity": null,
  "project": "handcraft",
  "cfg_file": "./src/configs/LSFB/conv1d/vanilla-medium-deep-daug.yaml",
  "data_dir": "/mnt/sda2/datasets/isolated-cont-sl/LSFB/",
  "save_dir": "/mnt/sda2/models/HandCraft/samples/LSFB/conv1d-vanilla-medium-deep-daug/",
  "ckpt_dir": null,
  "load_best": false,
  "seed": 927,
  "distributed_data_parallel": false,
  "backend": "nccl",
  "total_nodes": 1,
  "current_node": 0,
  "num_workers": 4,
  "prefetch_factor": 2,
  "synchronized_bn": false,
  "train": true,
  "empty_cache": false,
  "load_data_in_memory": true,
  "print_every": 1,
  "save_every": 1,
  "dset_used": 1.0,
  "fix_seed": false
}
[INFO] 2024-04-15 04:25:08 > Load LSFB train dataset.
[INFO] 2024-04-15 04:26:17 > Train dataset size: 957700
[INFO] 2024-04-15 04:26:17 > Valid dataset size: 5235
[INFO] 2024-04-15 04:26:17 > Load LSFB test dataset.
[INFO] 2024-04-15 04:27:09 > Test dataset size: 40059
[INFO] 2024-04-15 04:27:09 > Build the model.
[INFO] 2024-04-15 04:27:09 > Modules are located on './src/models.conv1d'.
[INFO] 2024-04-15 04:27:09 > Number of parameters: 337574
[INFO] 2024-04-15 04:27:09 > Classifier(
  (blocks): ModuleList(
    (0): ModuleList(
      (0): Block(
        (conv1d0): Conv1DBlock(
          (in_linear): Linear(in_features=32, out_features=64, bias=True)
          (conv1d): dwconv1d(
            (pad): ConstantPad1d(padding=(16, 0), value=0)
            (conv): Conv1d(64, 64, kernel_size=(17,), stride=(1,), padding=valid, groups=64)
          )
          (eca): eca(
            (avg_pool): AdaptiveAvgPool2d(output_size=1)
            (conv): Conv1d(1, 1, kernel_size=(3,), stride=(1,), padding=(1,), bias=False)
            (sigmoid): Sigmoid()
          )
          (bn): BatchNorm1d(64, eps=0.0001, momentum=0.1, affine=True, track_running_stats=True)
          (out_linear): Linear(in_features=64, out_features=32, bias=True)
          (dropout): Dropout(p=0.2, inplace=False)
          (drop_path): StochasticDepth(p=0.0, mode=batch)
          (activation): GELU(approximate='none')
        )
        (conv1d1): Conv1DBlock(
          (in_linear): Linear(in_features=32, out_features=64, bias=True)
          (conv1d): dwconv1d(
            (pad): ConstantPad1d(padding=(16, 0), value=0)
            (conv): Conv1d(64, 64, kernel_size=(17,), stride=(1,), padding=valid, groups=64)
          )
          (eca): eca(
            (avg_pool): AdaptiveAvgPool2d(output_size=1)
            (conv): Conv1d(1, 1, kernel_size=(3,), stride=(1,), padding=(1,), bias=False)
            (sigmoid): Sigmoid()
          )
          (bn): BatchNorm1d(64, eps=0.0001, momentum=0.1, affine=True, track_running_stats=True)
          (out_linear): Linear(in_features=64, out_features=32, bias=True)
          (dropout): Dropout(p=0.2, inplace=False)
          (drop_path): StochasticDepth(p=0.0, mode=batch)
          (activation): GELU(approximate='none')
        )
        (conv1d2): Conv1DBlock(
          (in_linear): Linear(in_features=32, out_features=128, bias=True)
          (conv1d): dwconv1d(
            (pad): ConstantPad1d(padding=(16, 0), value=0)
            (conv): Conv1d(128, 128, kernel_size=(17,), stride=(1,), padding=valid, groups=128)
          )
          (eca): eca(
            (avg_pool): AdaptiveAvgPool2d(output_size=1)
            (conv): Conv1d(1, 1, kernel_size=(3,), stride=(1,), padding=(1,), bias=False)
            (sigmoid): Sigmoid()
          )
          (bn): BatchNorm1d(128, eps=0.0001, momentum=0.1, affine=True, track_running_stats=True)
          (out_linear): Linear(in_features=128, out_features=64, bias=True)
          (dropout): Dropout(p=0.2, inplace=False)
          (drop_path): StochasticDepth(p=0.0, mode=batch)
          (activation): GELU(approximate='none')
        )
        (bn): BatchNorm1d(32, eps=0.0001, momentum=0.1, affine=True, track_running_stats=True)
      )
    )
    (1): ModuleList(
      (0): TransformerEncoderLayer(
        (self_attn): MultiheadAttention(
          (out_proj): NonDynamicallyQuantizableLinear(in_features=64, out_features=64, bias=True)
        )
        (linear1): Linear(in_features=64, out_features=64, bias=True)
        (dropout): Dropout(p=0.2, inplace=False)
        (linear2): Linear(in_features=64, out_features=64, bias=True)
        (norm1): LayerNorm((64,), eps=1e-05, elementwise_affine=True)
        (norm2): LayerNorm((64,), eps=1e-05, elementwise_affine=True)
        (dropout1): Dropout(p=0.2, inplace=False)
        (dropout2): Dropout(p=0.2, inplace=False)
      )
    )
    (2): ModuleList(
      (0): Block(
        (conv1d0): Conv1DBlock(
          (in_linear): Linear(in_features=64, out_features=128, bias=True)
          (conv1d): dwconv1d(
            (pad): ConstantPad1d(padding=(16, 0), value=0)
            (conv): Conv1d(128, 128, kernel_size=(17,), stride=(1,), padding=valid, groups=128)
          )
          (eca): eca(
            (avg_pool): AdaptiveAvgPool2d(output_size=1)
            (conv): Conv1d(1, 1, kernel_size=(3,), stride=(1,), padding=(1,), bias=False)
            (sigmoid): Sigmoid()
          )
          (bn): BatchNorm1d(128, eps=0.0001, momentum=0.1, affine=True, track_running_stats=True)
          (out_linear): Linear(in_features=128, out_features=64, bias=True)
          (dropout): Dropout(p=0.2, inplace=False)
          (drop_path): StochasticDepth(p=0.0, mode=batch)
          (activation): GELU(approximate='none')
        )
        (conv1d1): Conv1DBlock(
          (in_linear): Linear(in_features=64, out_features=128, bias=True)
          (conv1d): dwconv1d(
            (pad): ConstantPad1d(padding=(16, 0), value=0)
            (conv): Conv1d(128, 128, kernel_size=(17,), stride=(1,), padding=valid, groups=128)
          )
          (eca): eca(
            (avg_pool): AdaptiveAvgPool2d(output_size=1)
            (conv): Conv1d(1, 1, kernel_size=(3,), stride=(1,), padding=(1,), bias=False)
            (sigmoid): Sigmoid()
          )
          (bn): BatchNorm1d(128, eps=0.0001, momentum=0.1, affine=True, track_running_stats=True)
          (out_linear): Linear(in_features=128, out_features=64, bias=True)
          (dropout): Dropout(p=0.2, inplace=False)
          (drop_path): StochasticDepth(p=0.0, mode=batch)
          (activation): GELU(approximate='none')
        )
        (conv1d2): Conv1DBlock(
          (in_linear): Linear(in_features=64, out_features=128, bias=True)
          (conv1d): dwconv1d(
            (pad): ConstantPad1d(padding=(16, 0), value=0)
            (conv): Conv1d(128, 128, kernel_size=(17,), stride=(1,), padding=valid, groups=128)
          )
          (eca): eca(
            (avg_pool): AdaptiveAvgPool2d(output_size=1)
            (conv): Conv1d(1, 1, kernel_size=(3,), stride=(1,), padding=(1,), bias=False)
            (sigmoid): Sigmoid()
          )
          (bn): BatchNorm1d(128, eps=0.0001, momentum=0.1, affine=True, track_running_stats=True)
          (out_linear): Linear(in_features=128, out_features=64, bias=True)
          (dropout): Dropout(p=0.2, inplace=False)
          (drop_path): StochasticDepth(p=0.0, mode=batch)
          (activation): GELU(approximate='none')
        )
        (bn): BatchNorm1d(64, eps=0.0001, momentum=0.1, affine=True, track_running_stats=True)
      )
    )
    (3): ModuleList(
      (0): TransformerEncoderLayer(
        (self_attn): MultiheadAttention(
          (out_proj): NonDynamicallyQuantizableLinear(in_features=64, out_features=64, bias=True)
        )
        (linear1): Linear(in_features=64, out_features=64, bias=True)
        (dropout): Dropout(p=0.2, inplace=False)
        (linear2): Linear(in_features=64, out_features=64, bias=True)
        (norm1): LayerNorm((64,), eps=1e-05, elementwise_affine=True)
        (norm2): LayerNorm((64,), eps=1e-05, elementwise_affine=True)
        (dropout1): Dropout(p=0.2, inplace=False)
        (dropout2): Dropout(p=0.2, inplace=False)
      )
    )
    (4): ModuleList(
      (0): Block(
        (conv1d0): Conv1DBlock(
          (in_linear): Linear(in_features=64, out_features=128, bias=True)
          (conv1d): dwconv1d(
            (pad): ConstantPad1d(padding=(16, 0), value=0)
            (conv): Conv1d(128, 128, kernel_size=(17,), stride=(1,), padding=valid, groups=128)
          )
          (eca): eca(
            (avg_pool): AdaptiveAvgPool2d(output_size=1)
            (conv): Conv1d(1, 1, kernel_size=(3,), stride=(1,), padding=(1,), bias=False)
            (sigmoid): Sigmoid()
          )
          (bn): BatchNorm1d(128, eps=0.0001, momentum=0.1, affine=True, track_running_stats=True)
          (out_linear): Linear(in_features=128, out_features=64, bias=True)
          (dropout): Dropout(p=0.2, inplace=False)
          (drop_path): StochasticDepth(p=0.0, mode=batch)
          (activation): GELU(approximate='none')
        )
        (conv1d1): Conv1DBlock(
          (in_linear): Linear(in_features=64, out_features=128, bias=True)
          (conv1d): dwconv1d(
            (pad): ConstantPad1d(padding=(16, 0), value=0)
            (conv): Conv1d(128, 128, kernel_size=(17,), stride=(1,), padding=valid, groups=128)
          )
          (eca): eca(
            (avg_pool): AdaptiveAvgPool2d(output_size=1)
            (conv): Conv1d(1, 1, kernel_size=(3,), stride=(1,), padding=(1,), bias=False)
            (sigmoid): Sigmoid()
          )
          (bn): BatchNorm1d(128, eps=0.0001, momentum=0.1, affine=True, track_running_stats=True)
          (out_linear): Linear(in_features=128, out_features=64, bias=True)
          (dropout): Dropout(p=0.2, inplace=False)
          (drop_path): StochasticDepth(p=0.0, mode=batch)
          (activation): GELU(approximate='none')
        )
        (conv1d2): Conv1DBlock(
          (in_linear): Linear(in_features=64, out_features=128, bias=True)
          (conv1d): dwconv1d(
            (pad): ConstantPad1d(padding=(16, 0), value=0)
            (conv): Conv1d(128, 128, kernel_size=(17,), stride=(1,), padding=valid, groups=128)
          )
          (eca): eca(
            (avg_pool): AdaptiveAvgPool2d(output_size=1)
            (conv): Conv1d(1, 1, kernel_size=(3,), stride=(1,), padding=(1,), bias=False)
            (sigmoid): Sigmoid()
          )
          (bn): BatchNorm1d(128, eps=0.0001, momentum=0.1, affine=True, track_running_stats=True)
          (out_linear): Linear(in_features=128, out_features=64, bias=True)
          (dropout): Dropout(p=0.2, inplace=False)
          (drop_path): StochasticDepth(p=0.0, mode=batch)
          (activation): GELU(approximate='none')
        )
        (bn): BatchNorm1d(64, eps=0.0001, momentum=0.1, affine=True, track_running_stats=True)
      )
    )
    (5): ModuleList(
      (0): TransformerEncoderLayer(
        (self_attn): MultiheadAttention(
          (out_proj): NonDynamicallyQuantizableLinear(in_features=64, out_features=64, bias=True)
        )
        (linear1): Linear(in_features=64, out_features=64, bias=True)
        (dropout): Dropout(p=0.2, inplace=False)
        (linear2): Linear(in_features=64, out_features=64, bias=True)
        (norm1): LayerNorm((64,), eps=1e-05, elementwise_affine=True)
        (norm2): LayerNorm((64,), eps=1e-05, elementwise_affine=True)
        (dropout1): Dropout(p=0.2, inplace=False)
        (dropout2): Dropout(p=0.2, inplace=False)
      )
    )
    (6): ModuleList(
      (0): Block(
        (conv1d0): Conv1DBlock(
          (in_linear): Linear(in_features=64, out_features=128, bias=True)
          (conv1d): dwconv1d(
            (pad): ConstantPad1d(padding=(16, 0), value=0)
            (conv): Conv1d(128, 128, kernel_size=(17,), stride=(1,), padding=valid, groups=128)
          )
          (eca): eca(
            (avg_pool): AdaptiveAvgPool2d(output_size=1)
            (conv): Conv1d(1, 1, kernel_size=(3,), stride=(1,), padding=(1,), bias=False)
            (sigmoid): Sigmoid()
          )
          (bn): BatchNorm1d(128, eps=0.0001, momentum=0.1, affine=True, track_running_stats=True)
          (out_linear): Linear(in_features=128, out_features=64, bias=True)
          (dropout): Dropout(p=0.2, inplace=False)
          (drop_path): StochasticDepth(p=0.0, mode=batch)
          (activation): GELU(approximate='none')
        )
        (conv1d1): Conv1DBlock(
          (in_linear): Linear(in_features=64, out_features=128, bias=True)
          (conv1d): dwconv1d(
            (pad): ConstantPad1d(padding=(16, 0), value=0)
            (conv): Conv1d(128, 128, kernel_size=(17,), stride=(1,), padding=valid, groups=128)
          )
          (eca): eca(
            (avg_pool): AdaptiveAvgPool2d(output_size=1)
            (conv): Conv1d(1, 1, kernel_size=(3,), stride=(1,), padding=(1,), bias=False)
            (sigmoid): Sigmoid()
          )
          (bn): BatchNorm1d(128, eps=0.0001, momentum=0.1, affine=True, track_running_stats=True)
          (out_linear): Linear(in_features=128, out_features=64, bias=True)
          (dropout): Dropout(p=0.2, inplace=False)
          (drop_path): StochasticDepth(p=0.0, mode=batch)
          (activation): GELU(approximate='none')
        )
        (conv1d2): Conv1DBlock(
          (in_linear): Linear(in_features=64, out_features=128, bias=True)
          (conv1d): dwconv1d(
            (pad): ConstantPad1d(padding=(16, 0), value=0)
            (conv): Conv1d(128, 128, kernel_size=(17,), stride=(1,), padding=valid, groups=128)
          )
          (eca): eca(
            (avg_pool): AdaptiveAvgPool2d(output_size=1)
            (conv): Conv1d(1, 1, kernel_size=(3,), stride=(1,), padding=(1,), bias=False)
            (sigmoid): Sigmoid()
          )
          (bn): BatchNorm1d(128, eps=0.0001, momentum=0.1, affine=True, track_running_stats=True)
          (out_linear): Linear(in_features=128, out_features=64, bias=True)
          (dropout): Dropout(p=0.2, inplace=False)
          (drop_path): StochasticDepth(p=0.0, mode=batch)
          (activation): GELU(approximate='none')
        )
        (bn): BatchNorm1d(64, eps=0.0001, momentum=0.1, affine=True, track_running_stats=True)
      )
    )
    (7): ModuleList(
      (0): TransformerEncoderLayer(
        (self_attn): MultiheadAttention(
          (out_proj): NonDynamicallyQuantizableLinear(in_features=64, out_features=64, bias=True)
        )
        (linear1): Linear(in_features=64, out_features=64, bias=True)
        (dropout): Dropout(p=0.2, inplace=False)
        (linear2): Linear(in_features=64, out_features=64, bias=True)
        (norm1): LayerNorm((64,), eps=1e-05, elementwise_affine=True)
        (norm2): LayerNorm((64,), eps=1e-05, elementwise_affine=True)
        (dropout1): Dropout(p=0.2, inplace=False)
        (dropout2): Dropout(p=0.2, inplace=False)
      )
    )
  )
  (inlinear): Linear(in_features=297, out_features=32, bias=False)
  (bn): BatchNorm1d(32, eps=0.0001, momentum=0.1, affine=True, track_running_stats=True)
  (top_linear): Linear(in_features=64, out_features=128, bias=True)
  (outlinear): Linear(in_features=32, out_features=610, bias=True)
  (dropout): Dropout(p=0.2, inplace=False)
)
[INFO] 2024-04-15 04:27:12 > Start training!
[INFO] 2024-04-15 04:52:36 > Train Top 1-acc 1.0188	Train Top 10-acc 6.9409	Train Loss 6.1002
[INFO] 2024-04-15 04:52:36 > Step:      1 Progress: 2.0% Elapsed: 0:25:24 Loss: 6.1 Top1: 1.019 Top10: 6.941 
[INFO] 2024-04-15 04:52:36 > Start Validation (1 Step): LSFB-vanilla-medium-deep-daug-train-2024_04_15_04_25_08
[INFO] 2024-04-15 04:52:39 > Test Top 1-acc 1.0315	Test Top 10-acc 9.0353	Test Loss 5.787877566857689
[INFO] 2024-04-15 04:52:39 > Best Loss (Step: 1): 5.787877566857689	Best Top 1-acc 1.0315	Best Top 10-acc 9.0353
[INFO] 2024-04-15 04:52:39 > Save model to /mnt/sda2/models/HandCraft/samples/LSFB/conv1d-vanilla-medium-deep-daug/checkpoints/LSFB-vanilla-medium-deep-daug-train-2024_04_15_04_25_08
[INFO] 2024-04-15 05:18:03 > Train Top 1-acc 5.2589	Train Top 10-acc 24.5235	Train Loss 5.2321
[INFO] 2024-04-15 05:18:03 > Step:      2 Progress: 4.0% Elapsed: 0:50:50 Loss: 5.232 Top1: 5.259 Top10: 24.52 
[INFO] 2024-04-15 05:18:03 > Start Validation (2 Step): LSFB-vanilla-medium-deep-daug-train-2024_04_15_04_25_08
[INFO] 2024-04-15 05:18:05 > Test Top 1-acc 3.6676	Test Top 10-acc 23.4384	Test Loss 5.225851390878701
[INFO] 2024-04-15 05:18:05 > Best Loss (Step: 2): 5.225851390878701	Best Top 1-acc 3.6676	Best Top 10-acc 23.4384
[INFO] 2024-04-15 05:18:05 > Save model to /mnt/sda2/models/HandCraft/samples/LSFB/conv1d-vanilla-medium-deep-daug/checkpoints/LSFB-vanilla-medium-deep-daug-train-2024_04_15_04_25_08
[INFO] 2024-04-15 05:43:29 > Train Top 1-acc 12.4883	Train Top 10-acc 42.4155	Train Loss 4.4728
[INFO] 2024-04-15 05:43:29 > Step:      3 Progress: 6.0% Elapsed: 1:16:17 Loss: 4.473 Top1: 12.49 Top10: 42.42 
[INFO] 2024-04-15 05:43:29 > Start Validation (3 Step): LSFB-vanilla-medium-deep-daug-train-2024_04_15_04_25_08
[INFO] 2024-04-15 05:43:32 > Test Top 1-acc 7.2397	Test Top 10-acc 33.4862	Test Loss 4.877790711556829
[INFO] 2024-04-15 05:43:32 > Best Loss (Step: 3): 4.877790711556829	Best Top 1-acc 7.2397	Best Top 10-acc 33.4862
[INFO] 2024-04-15 05:43:32 > Save model to /mnt/sda2/models/HandCraft/samples/LSFB/conv1d-vanilla-medium-deep-daug/checkpoints/LSFB-vanilla-medium-deep-daug-train-2024_04_15_04_25_08
[INFO] 2024-04-15 06:08:55 > Train Top 1-acc 20.6457	Train Top 10-acc 55.0613	Train Loss 3.8838
[INFO] 2024-04-15 06:08:55 > Step:      4 Progress: 8.0% Elapsed: 1:41:43 Loss: 3.884 Top1: 20.65 Top10: 55.06 
[INFO] 2024-04-15 06:08:55 > Start Validation (4 Step): LSFB-vanilla-medium-deep-daug-train-2024_04_15_04_25_08
[INFO] 2024-04-15 06:08:58 > Test Top 1-acc 11.8434	Test Top 10-acc 44.8711	Test Loss 4.520589332617001
[INFO] 2024-04-15 06:08:58 > Best Loss (Step: 4): 4.520589332617001	Best Top 1-acc 11.8434	Best Top 10-acc 44.8711
[INFO] 2024-04-15 06:08:58 > Save model to /mnt/sda2/models/HandCraft/samples/LSFB/conv1d-vanilla-medium-deep-daug/checkpoints/LSFB-vanilla-medium-deep-daug-train-2024_04_15_04_25_08
[INFO] 2024-04-15 06:34:21 > Train Top 1-acc 29.4520	Train Top 10-acc 66.2607	Train Loss 3.2938
[INFO] 2024-04-15 06:34:21 > Step:      5 Progress: 10.0% Elapsed: 2:07:09 Loss: 3.294 Top1: 29.45 Top10: 66.26 
[INFO] 2024-04-15 06:34:21 > Start Validation (5 Step): LSFB-vanilla-medium-deep-daug-train-2024_04_15_04_25_08
[INFO] 2024-04-15 06:34:24 > Test Top 1-acc 14.1356	Test Top 10-acc 50.7545	Test Loss 4.2522758476599805
[INFO] 2024-04-15 06:34:24 > Best Loss (Step: 5): 4.2522758476599805	Best Top 1-acc 14.1356	Best Top 10-acc 50.7545
[INFO] 2024-04-15 06:34:24 > Save model to /mnt/sda2/models/HandCraft/samples/LSFB/conv1d-vanilla-medium-deep-daug/checkpoints/LSFB-vanilla-medium-deep-daug-train-2024_04_15_04_25_08
[INFO] 2024-04-15 06:59:48 > Train Top 1-acc 37.1062	Train Top 10-acc 73.8562	Train Loss 2.8345
[INFO] 2024-04-15 06:59:48 > Step:      6 Progress: 12.0% Elapsed: 2:32:35 Loss: 2.834 Top1: 37.11 Top10: 73.86 
[INFO] 2024-04-15 06:59:48 > Start Validation (6 Step): LSFB-vanilla-medium-deep-daug-train-2024_04_15_04_25_08
[INFO] 2024-04-15 06:59:50 > Test Top 1-acc 17.2302	Test Top 10-acc 55.8357	Test Loss 4.164904190544412
[INFO] 2024-04-15 06:59:50 > Best Loss (Step: 6): 4.164904190544412	Best Top 1-acc 17.2302	Best Top 10-acc 55.8357
[INFO] 2024-04-15 06:59:50 > Save model to /mnt/sda2/models/HandCraft/samples/LSFB/conv1d-vanilla-medium-deep-daug/checkpoints/LSFB-vanilla-medium-deep-daug-train-2024_04_15_04_25_08
[INFO] 2024-04-15 07:25:14 > Train Top 1-acc 43.7103	Train Top 10-acc 79.1465	Train Loss 2.4764
[INFO] 2024-04-15 07:25:14 > Step:      7 Progress: 14.0% Elapsed: 2:58:01 Loss: 2.476 Top1: 43.71 Top10: 79.15 
[INFO] 2024-04-15 07:25:14 > Start Validation (7 Step): LSFB-vanilla-medium-deep-daug-train-2024_04_15_04_25_08
[INFO] 2024-04-15 07:25:16 > Test Top 1-acc 20.9169	Test Top 10-acc 61.2989	Test Loss 3.854232703557784
[INFO] 2024-04-15 07:25:16 > Best Loss (Step: 7): 3.854232703557784	Best Top 1-acc 20.9169	Best Top 10-acc 61.2989
[INFO] 2024-04-15 07:25:17 > Save model to /mnt/sda2/models/HandCraft/samples/LSFB/conv1d-vanilla-medium-deep-daug/checkpoints/LSFB-vanilla-medium-deep-daug-train-2024_04_15_04_25_08
[INFO] 2024-04-15 07:50:40 > Train Top 1-acc 48.0340	Train Top 10-acc 82.1081	Train Loss 2.2522
[INFO] 2024-04-15 07:50:40 > Step:      8 Progress: 16.0% Elapsed: 3:23:28 Loss: 2.252 Top1: 48.03 Top10: 82.11 
[INFO] 2024-04-15 07:50:40 > Start Validation (8 Step): LSFB-vanilla-medium-deep-daug-train-2024_04_15_04_25_08
[INFO] 2024-04-15 07:50:43 > Test Top 1-acc 19.5606	Test Top 10-acc 60.9169	Test Loss 3.9408197528653295
[INFO] 2024-04-15 07:50:43 > Best Loss (Step: 7): 3.854232703557784	Best Top 1-acc 19.5606	Best Top 10-acc 60.9169
[INFO] 2024-04-15 07:50:43 > Save model to /mnt/sda2/models/HandCraft/samples/LSFB/conv1d-vanilla-medium-deep-daug/checkpoints/LSFB-vanilla-medium-deep-daug-train-2024_04_15_04_25_08
[INFO] 2024-04-15 08:16:06 > Train Top 1-acc 50.1244	Train Top 10-acc 83.5780	Train Loss 2.1383
[INFO] 2024-04-15 08:16:06 > Step:      9 Progress: 18.0% Elapsed: 3:48:54 Loss: 2.138 Top1: 50.12 Top10: 83.58 
[INFO] 2024-04-15 08:16:06 > Start Validation (9 Step): LSFB-vanilla-medium-deep-daug-train-2024_04_15_04_25_08
[INFO] 2024-04-15 08:16:09 > Test Top 1-acc 23.8968	Test Top 10-acc 66.3992	Test Loss 3.633441902459408
[INFO] 2024-04-15 08:16:09 > Best Loss (Step: 9): 3.633441902459408	Best Top 1-acc 23.8968	Best Top 10-acc 66.3992
[INFO] 2024-04-15 08:16:09 > Save model to /mnt/sda2/models/HandCraft/samples/LSFB/conv1d-vanilla-medium-deep-daug/checkpoints/LSFB-vanilla-medium-deep-daug-train-2024_04_15_04_25_08
[INFO] 2024-04-15 08:41:32 > Train Top 1-acc 51.1599	Train Top 10-acc 84.2274	Train Loss 2.0824
[INFO] 2024-04-15 08:41:32 > Step:     10 Progress: 20.0% Elapsed: 4:14:20 Loss: 2.082 Top1: 51.16 Top10: 84.23 
[INFO] 2024-04-15 08:41:32 > Start Validation (10 Step): LSFB-vanilla-medium-deep-daug-train-2024_04_15_04_25_08
[INFO] 2024-04-15 08:41:35 > Test Top 1-acc 23.7440	Test Top 10-acc 65.4059	Test Loss 3.7053232449856734
[INFO] 2024-04-15 08:41:35 > Best Loss (Step: 9): 3.633441902459408	Best Top 1-acc 23.7440	Best Top 10-acc 65.4059
[INFO] 2024-04-15 08:41:35 > Save model to /mnt/sda2/models/HandCraft/samples/LSFB/conv1d-vanilla-medium-deep-daug/checkpoints/LSFB-vanilla-medium-deep-daug-train-2024_04_15_04_25_08
[INFO] 2024-04-15 09:06:58 > Train Top 1-acc 51.5338	Train Top 10-acc 84.4905	Train Loss 2.0591
[INFO] 2024-04-15 09:06:58 > Step:     11 Progress: 22.0% Elapsed: 4:39:46 Loss: 2.059 Top1: 51.53 Top10: 84.49 
[INFO] 2024-04-15 09:06:58 > Start Validation (11 Step): LSFB-vanilla-medium-deep-daug-train-2024_04_15_04_25_08
[INFO] 2024-04-15 09:07:01 > Test Top 1-acc 20.2674	Test Top 10-acc 60.1146	Test Loss 4.088503611509074
[INFO] 2024-04-15 09:07:01 > Best Loss (Step: 9): 3.633441902459408	Best Top 1-acc 20.2674	Best Top 10-acc 60.1146
[INFO] 2024-04-15 09:07:01 > Save model to /mnt/sda2/models/HandCraft/samples/LSFB/conv1d-vanilla-medium-deep-daug/checkpoints/LSFB-vanilla-medium-deep-daug-train-2024_04_15_04_25_08
[INFO] 2024-04-15 09:32:24 > Train Top 1-acc 51.6051	Train Top 10-acc 84.5082	Train Loss 2.0564
[INFO] 2024-04-15 09:32:24 > Step:     12 Progress: 24.0% Elapsed: 5:05:12 Loss: 2.056 Top1: 51.61 Top10: 84.51 
[INFO] 2024-04-15 09:32:24 > Start Validation (12 Step): LSFB-vanilla-medium-deep-daug-train-2024_04_15_04_25_08
[INFO] 2024-04-15 09:32:27 > Test Top 1-acc 20.4011	Test Top 10-acc 59.9236	Test Loss 3.9939484837631327
[INFO] 2024-04-15 09:32:27 > Best Loss (Step: 9): 3.633441902459408	Best Top 1-acc 20.4011	Best Top 10-acc 59.9236
[INFO] 2024-04-15 09:32:27 > Save model to /mnt/sda2/models/HandCraft/samples/LSFB/conv1d-vanilla-medium-deep-daug/checkpoints/LSFB-vanilla-medium-deep-daug-train-2024_04_15_04_25_08
[INFO] 2024-04-15 09:57:50 > Train Top 1-acc 45.9227	Train Top 10-acc 75.3255	Train Loss 2.5978
[INFO] 2024-04-15 09:57:50 > Step:     13 Progress: 26.0% Elapsed: 5:30:38 Loss: 2.598 Top1: 45.92 Top10: 75.33 
[INFO] 2024-04-15 09:57:50 > Start Validation (13 Step): LSFB-vanilla-medium-deep-daug-train-2024_04_15_04_25_08
[INFO] 2024-04-15 09:57:53 > Test Top 1-acc 0.0955	Test Top 10-acc 0.8787	Test Loss 6.406078378701051
[INFO] 2024-04-15 09:57:53 > Best Loss (Step: 9): 3.633441902459408	Best Top 1-acc 0.0955	Best Top 10-acc 0.8787
[INFO] 2024-04-15 09:57:53 > Save model to /mnt/sda2/models/HandCraft/samples/LSFB/conv1d-vanilla-medium-deep-daug/checkpoints/LSFB-vanilla-medium-deep-daug-train-2024_04_15_04_25_08
[INFO] 2024-04-15 10:23:16 > Train Top 1-acc 38.3553	Train Top 10-acc 70.2211	Train Loss 2.9178
[INFO] 2024-04-15 10:23:16 > Step:     14 Progress: 28.0% Elapsed: 5:56:04 Loss: 2.918 Top1: 38.36 Top10: 70.22 
[INFO] 2024-04-15 10:23:16 > Start Validation (14 Step): LSFB-vanilla-medium-deep-daug-train-2024_04_15_04_25_08
[INFO] 2024-04-15 10:23:19 > Test Top 1-acc 25.6734	Test Top 10-acc 67.5263	Test Loss 3.5261461318051577
[INFO] 2024-04-15 10:23:19 > Best Loss (Step: 14): 3.5261461318051577	Best Top 1-acc 25.6734	Best Top 10-acc 67.5263
[INFO] 2024-04-15 10:23:19 > Save model to /mnt/sda2/models/HandCraft/samples/LSFB/conv1d-vanilla-medium-deep-daug/checkpoints/LSFB-vanilla-medium-deep-daug-train-2024_04_15_04_25_08
[INFO] 2024-04-15 10:48:42 > Train Top 1-acc 51.0583	Train Top 10-acc 84.2535	Train Loss 2.0856
[INFO] 2024-04-15 10:48:42 > Step:     15 Progress: 30.0% Elapsed: 6:21:30 Loss: 2.086 Top1: 51.06 Top10: 84.25 
[INFO] 2024-04-15 10:48:42 > Start Validation (15 Step): LSFB-vanilla-medium-deep-daug-train-2024_04_15_04_25_08
[INFO] 2024-04-15 10:48:45 > Test Top 1-acc 25.3677	Test Top 10-acc 66.2846	Test Loss 3.6699464989255013
[INFO] 2024-04-15 10:48:45 > Best Loss (Step: 14): 3.5261461318051577	Best Top 1-acc 25.3677	Best Top 10-acc 66.2846
[INFO] 2024-04-15 10:48:45 > Save model to /mnt/sda2/models/HandCraft/samples/LSFB/conv1d-vanilla-medium-deep-daug/checkpoints/LSFB-vanilla-medium-deep-daug-train-2024_04_15_04_25_08
[INFO] 2024-04-15 11:14:08 > Train Top 1-acc 52.7200	Train Top 10-acc 85.1491	Train Loss 2.0061
[INFO] 2024-04-15 11:14:08 > Step:     16 Progress: 32.0% Elapsed: 6:46:56 Loss: 2.006 Top1: 52.72 Top10: 85.15 
[INFO] 2024-04-15 11:14:08 > Start Validation (16 Step): LSFB-vanilla-medium-deep-daug-train-2024_04_15_04_25_08
[INFO] 2024-04-15 11:14:11 > Test Top 1-acc 26.7049	Test Top 10-acc 68.2713	Test Loss 3.517449409025788
[INFO] 2024-04-15 11:14:11 > Best Loss (Step: 16): 3.517449409025788	Best Top 1-acc 26.7049	Best Top 10-acc 68.2713
[INFO] 2024-04-15 11:14:11 > Save model to /mnt/sda2/models/HandCraft/samples/LSFB/conv1d-vanilla-medium-deep-daug/checkpoints/LSFB-vanilla-medium-deep-daug-train-2024_04_15_04_25_08
[INFO] 2024-04-15 11:39:35 > Train Top 1-acc 53.9492	Train Top 10-acc 85.9045	Train Loss 1.9452
[INFO] 2024-04-15 11:39:35 > Step:     17 Progress: 34.0% Elapsed: 7:12:22 Loss: 1.945 Top1: 53.95 Top10: 85.9 
[INFO] 2024-04-15 11:39:35 > Start Validation (17 Step): LSFB-vanilla-medium-deep-daug-train-2024_04_15_04_25_08
[INFO] 2024-04-15 11:39:37 > Test Top 1-acc 26.4374	Test Top 10-acc 68.5387	Test Loss 3.601237538801337
[INFO] 2024-04-15 11:39:37 > Best Loss (Step: 16): 3.517449409025788	Best Top 1-acc 26.4374	Best Top 10-acc 68.5387
[INFO] 2024-04-15 11:39:37 > Save model to /mnt/sda2/models/HandCraft/samples/LSFB/conv1d-vanilla-medium-deep-daug/checkpoints/LSFB-vanilla-medium-deep-daug-train-2024_04_15_04_25_08
[INFO] 2024-04-15 12:05:01 > Train Top 1-acc 47.5285	Train Top 10-acc 76.3492	Train Loss 2.4641
[INFO] 2024-04-15 12:05:01 > Step:     18 Progress: 36.0% Elapsed: 7:37:48 Loss: 2.464 Top1: 47.53 Top10: 76.35 
[INFO] 2024-04-15 12:05:01 > Start Validation (18 Step): LSFB-vanilla-medium-deep-daug-train-2024_04_15_04_25_08
[INFO] 2024-04-15 12:05:03 > Test Top 1-acc 21.6619	Test Top 10-acc 62.7889	Test Loss 3.9532227495224452
[INFO] 2024-04-15 12:05:03 > Best Loss (Step: 16): 3.517449409025788	Best Top 1-acc 21.6619	Best Top 10-acc 62.7889
[INFO] 2024-04-15 12:05:04 > Save model to /mnt/sda2/models/HandCraft/samples/LSFB/conv1d-vanilla-medium-deep-daug/checkpoints/LSFB-vanilla-medium-deep-daug-train-2024_04_15_04_25_08
[INFO] 2024-04-15 12:30:27 > Train Top 1-acc 54.2878	Train Top 10-acc 86.0544	Train Loss 1.9309
[INFO] 2024-04-15 12:30:27 > Step:     19 Progress: 38.0% Elapsed: 8:03:15 Loss: 1.931 Top1: 54.29 Top10: 86.05 
[INFO] 2024-04-15 12:30:27 > Start Validation (19 Step): LSFB-vanilla-medium-deep-daug-train-2024_04_15_04_25_08
[INFO] 2024-04-15 12:30:30 > Test Top 1-acc 21.3563	Test Top 10-acc 62.1394	Test Loss 4.155953766714422
[INFO] 2024-04-15 12:30:30 > Best Loss (Step: 16): 3.517449409025788	Best Top 1-acc 21.3563	Best Top 10-acc 62.1394
[INFO] 2024-04-15 12:30:30 > Save model to /mnt/sda2/models/HandCraft/samples/LSFB/conv1d-vanilla-medium-deep-daug/checkpoints/LSFB-vanilla-medium-deep-daug-train-2024_04_15_04_25_08
[INFO] 2024-04-15 12:55:53 > Train Top 1-acc 56.2355	Train Top 10-acc 87.1844	Train Loss 1.8315
[INFO] 2024-04-15 12:55:53 > Step:     20 Progress: 40.0% Elapsed: 8:28:41 Loss: 1.831 Top1: 56.24 Top10: 87.18 
[INFO] 2024-04-15 12:55:53 > Start Validation (20 Step): LSFB-vanilla-medium-deep-daug-train-2024_04_15_04_25_08
[INFO] 2024-04-15 12:55:56 > Test Top 1-acc 23.6676	Test Top 10-acc 64.0879	Test Loss 3.954095779608405
[INFO] 2024-04-15 12:55:56 > Best Loss (Step: 16): 3.517449409025788	Best Top 1-acc 23.6676	Best Top 10-acc 64.0879
[INFO] 2024-04-15 12:55:56 > Save model to /mnt/sda2/models/HandCraft/samples/LSFB/conv1d-vanilla-medium-deep-daug/checkpoints/LSFB-vanilla-medium-deep-daug-train-2024_04_15_04_25_08
[INFO] 2024-04-15 13:21:19 > Train Top 1-acc 57.2226	Train Top 10-acc 87.7166	Train Loss 1.7824
[INFO] 2024-04-15 13:21:19 > Step:     21 Progress: 42.0% Elapsed: 8:54:07 Loss: 1.782 Top1: 57.22 Top10: 87.72 
[INFO] 2024-04-15 13:21:19 > Start Validation (21 Step): LSFB-vanilla-medium-deep-daug-train-2024_04_15_04_25_08
[INFO] 2024-04-15 13:21:22 > Test Top 1-acc 22.8462	Test Top 10-acc 64.4699	Test Loss 3.9309463049188156
[INFO] 2024-04-15 13:21:22 > Best Loss (Step: 16): 3.517449409025788	Best Top 1-acc 22.8462	Best Top 10-acc 64.4699
[INFO] 2024-04-15 13:21:22 > Save model to /mnt/sda2/models/HandCraft/samples/LSFB/conv1d-vanilla-medium-deep-daug/checkpoints/LSFB-vanilla-medium-deep-daug-train-2024_04_15_04_25_08
[INFO] 2024-04-15 13:46:45 > Train Top 1-acc 58.1187	Train Top 10-acc 88.1336	Train Loss 1.7427
[INFO] 2024-04-15 13:46:45 > Step:     22 Progress: 44.0% Elapsed: 9:19:33 Loss: 1.743 Top1: 58.12 Top10: 88.13 
[INFO] 2024-04-15 13:46:45 > Start Validation (22 Step): LSFB-vanilla-medium-deep-daug-train-2024_04_15_04_25_08
[INFO] 2024-04-15 13:46:48 > Test Top 1-acc 24.6418	Test Top 10-acc 66.7049	Test Loss 3.7536324021012417
[INFO] 2024-04-15 13:46:48 > Best Loss (Step: 16): 3.517449409025788	Best Top 1-acc 24.6418	Best Top 10-acc 66.7049
[INFO] 2024-04-15 13:46:48 > Save model to /mnt/sda2/models/HandCraft/samples/LSFB/conv1d-vanilla-medium-deep-daug/checkpoints/LSFB-vanilla-medium-deep-daug-train-2024_04_15_04_25_08
[INFO] 2024-04-15 14:12:19 > Train Top 1-acc 59.1527	Train Top 10-acc 88.6083	Train Loss 1.6944
[INFO] 2024-04-15 14:12:19 > Step:     23 Progress: 46.0% Elapsed: 9:45:07 Loss: 1.694 Top1: 59.15 Top10: 88.61 
[INFO] 2024-04-15 14:12:19 > Start Validation (23 Step): LSFB-vanilla-medium-deep-daug-train-2024_04_15_04_25_08
[INFO] 2024-04-15 14:12:22 > Test Top 1-acc 24.8329	Test Top 10-acc 66.8768	Test Loss 3.779693096346705
[INFO] 2024-04-15 14:12:22 > Best Loss (Step: 16): 3.517449409025788	Best Top 1-acc 24.8329	Best Top 10-acc 66.8768
[INFO] 2024-04-15 14:12:22 > Save model to /mnt/sda2/models/HandCraft/samples/LSFB/conv1d-vanilla-medium-deep-daug/checkpoints/LSFB-vanilla-medium-deep-daug-train-2024_04_15_04_25_08
[INFO] 2024-04-15 14:37:56 > Train Top 1-acc 60.0232	Train Top 10-acc 89.0678	Train Loss 1.6514
[INFO] 2024-04-15 14:37:56 > Step:     24 Progress: 48.0% Elapsed: 10:10:44 Loss: 1.651 Top1: 60.02 Top10: 89.07 
[INFO] 2024-04-15 14:37:56 > Start Validation (24 Step): LSFB-vanilla-medium-deep-daug-train-2024_04_15_04_25_08
[INFO] 2024-04-15 14:37:59 > Test Top 1-acc 24.2407	Test Top 10-acc 65.7307	Test Loss 3.925012685052531
[INFO] 2024-04-15 14:37:59 > Best Loss (Step: 16): 3.517449409025788	Best Top 1-acc 24.2407	Best Top 10-acc 65.7307
[INFO] 2024-04-15 14:37:59 > Save model to /mnt/sda2/models/HandCraft/samples/LSFB/conv1d-vanilla-medium-deep-daug/checkpoints/LSFB-vanilla-medium-deep-daug-train-2024_04_15_04_25_08
[INFO] 2024-04-15 15:03:34 > Train Top 1-acc 61.0117	Train Top 10-acc 89.5040	Train Loss 1.6085
[INFO] 2024-04-15 15:03:34 > Step:     25 Progress: 50.0% Elapsed: 10:36:21 Loss: 1.608 Top1: 61.01 Top10: 89.5 
[INFO] 2024-04-15 15:03:34 > Start Validation (25 Step): LSFB-vanilla-medium-deep-daug-train-2024_04_15_04_25_08
[INFO] 2024-04-15 15:03:36 > Test Top 1-acc 23.6867	Test Top 10-acc 64.6036	Test Loss 4.072061171800382
[INFO] 2024-04-15 15:03:36 > Best Loss (Step: 16): 3.517449409025788	Best Top 1-acc 23.6867	Best Top 10-acc 64.6036
[INFO] 2024-04-15 15:03:36 > Save model to /mnt/sda2/models/HandCraft/samples/LSFB/conv1d-vanilla-medium-deep-daug/checkpoints/LSFB-vanilla-medium-deep-daug-train-2024_04_15_04_25_08
[INFO] 2024-04-15 15:29:11 > Train Top 1-acc 62.0415	Train Top 10-acc 89.9845	Train Loss 1.5604
[INFO] 2024-04-15 15:29:11 > Step:     26 Progress: 52.0% Elapsed: 11:01:58 Loss: 1.56 Top1: 62.04 Top10: 89.98 
[INFO] 2024-04-15 15:29:11 > Start Validation (26 Step): LSFB-vanilla-medium-deep-daug-train-2024_04_15_04_25_08
[INFO] 2024-04-15 15:29:13 > Test Top 1-acc 25.8262	Test Top 10-acc 67.1060	Test Loss 3.930108345272206
[INFO] 2024-04-15 15:29:13 > Best Loss (Step: 16): 3.517449409025788	Best Top 1-acc 25.8262	Best Top 10-acc 67.1060
[INFO] 2024-04-15 15:29:14 > Save model to /mnt/sda2/models/HandCraft/samples/LSFB/conv1d-vanilla-medium-deep-daug/checkpoints/LSFB-vanilla-medium-deep-daug-train-2024_04_15_04_25_08
[INFO] 2024-04-15 15:54:48 > Train Top 1-acc 63.0819	Train Top 10-acc 90.4454	Train Loss 1.5110
[INFO] 2024-04-15 15:54:48 > Step:     27 Progress: 54.0% Elapsed: 11:27:36 Loss: 1.511 Top1: 63.08 Top10: 90.45 
[INFO] 2024-04-15 15:54:48 > Start Validation (27 Step): LSFB-vanilla-medium-deep-daug-train-2024_04_15_04_25_08
[INFO] 2024-04-15 15:54:51 > Test Top 1-acc 28.3859	Test Top 10-acc 69.5893	Test Loss 3.6098570319961794
[INFO] 2024-04-15 15:54:51 > Best Loss (Step: 16): 3.517449409025788	Best Top 1-acc 28.3859	Best Top 10-acc 69.5893
[INFO] 2024-04-15 15:54:51 > Save model to /mnt/sda2/models/HandCraft/samples/LSFB/conv1d-vanilla-medium-deep-daug/checkpoints/LSFB-vanilla-medium-deep-daug-train-2024_04_15_04_25_08
[INFO] 2024-04-15 16:41:11 > Train Top 1-acc 64.2534	Train Top 10-acc 90.9294	Train Loss 1.4604
[INFO] 2024-04-15 16:41:11 > Step:     28 Progress: 56.0% Elapsed: 12:13:59 Loss: 1.46 Top1: 64.25 Top10: 90.93 
[INFO] 2024-04-15 16:41:11 > Start Validation (28 Step): LSFB-vanilla-medium-deep-daug-train-2024_04_15_04_25_08
[INFO] 2024-04-15 16:41:16 > Test Top 1-acc 27.5454	Test Top 10-acc 68.1948	Test Loss 3.9101663234240687
[INFO] 2024-04-15 16:41:16 > Best Loss (Step: 16): 3.517449409025788	Best Top 1-acc 27.5454	Best Top 10-acc 68.1948
[INFO] 2024-04-15 16:41:16 > Save model to /mnt/sda2/models/HandCraft/samples/LSFB/conv1d-vanilla-medium-deep-daug/checkpoints/LSFB-vanilla-medium-deep-daug-train-2024_04_15_04_25_08
[INFO] 2024-04-15 17:35:48 > Train Top 1-acc 65.2864	Train Top 10-acc 91.3805	Train Loss 1.4124
[INFO] 2024-04-15 17:35:48 > Step:     29 Progress: 58.0% Elapsed: 13:08:36 Loss: 1.412 Top1: 65.29 Top10: 91.38 
[INFO] 2024-04-15 17:35:48 > Start Validation (29 Step): LSFB-vanilla-medium-deep-daug-train-2024_04_15_04_25_08
[INFO] 2024-04-15 17:35:53 > Test Top 1-acc 28.6151	Test Top 10-acc 71.1175	Test Loss 3.605182590138491
[INFO] 2024-04-15 17:35:53 > Best Loss (Step: 16): 3.517449409025788	Best Top 1-acc 28.6151	Best Top 10-acc 71.1175
[INFO] 2024-04-15 17:35:53 > Save model to /mnt/sda2/models/HandCraft/samples/LSFB/conv1d-vanilla-medium-deep-daug/checkpoints/LSFB-vanilla-medium-deep-daug-train-2024_04_15_04_25_08
[INFO] 2024-04-15 18:30:26 > Train Top 1-acc 66.4631	Train Top 10-acc 91.8617	Train Loss 1.3594
[INFO] 2024-04-15 18:30:26 > Step:     30 Progress: 60.0% Elapsed: 14:03:13 Loss: 1.359 Top1: 66.46 Top10: 91.86 
[INFO] 2024-04-15 18:30:26 > Start Validation (30 Step): LSFB-vanilla-medium-deep-daug-train-2024_04_15_04_25_08
[INFO] 2024-04-15 18:30:31 > Test Top 1-acc 26.9723	Test Top 10-acc 70.6017	Test Loss 3.807373746418338
[INFO] 2024-04-15 18:30:31 > Best Loss (Step: 16): 3.517449409025788	Best Top 1-acc 26.9723	Best Top 10-acc 70.6017
[INFO] 2024-04-15 18:30:31 > Save model to /mnt/sda2/models/HandCraft/samples/LSFB/conv1d-vanilla-medium-deep-daug/checkpoints/LSFB-vanilla-medium-deep-daug-train-2024_04_15_04_25_08
[INFO] 2024-04-15 19:25:03 > Train Top 1-acc 67.6130	Train Top 10-acc 92.3112	Train Loss 1.3084
[INFO] 2024-04-15 19:25:03 > Step:     31 Progress: 62.0% Elapsed: 14:57:51 Loss: 1.308 Top1: 67.61 Top10: 92.31 
[INFO] 2024-04-15 19:25:03 > Start Validation (31 Step): LSFB-vanilla-medium-deep-daug-train-2024_04_15_04_25_08
[INFO] 2024-04-15 19:25:08 > Test Top 1-acc 30.6590	Test Top 10-acc 72.0726	Test Loss 3.577428068290353
[INFO] 2024-04-15 19:25:08 > Best Loss (Step: 16): 3.517449409025788	Best Top 1-acc 30.6590	Best Top 10-acc 72.0726
[INFO] 2024-04-15 19:25:08 > Save model to /mnt/sda2/models/HandCraft/samples/LSFB/conv1d-vanilla-medium-deep-daug/checkpoints/LSFB-vanilla-medium-deep-daug-train-2024_04_15_04_25_08
[INFO] 2024-04-15 20:19:41 > Train Top 1-acc 68.7993	Train Top 10-acc 92.7058	Train Loss 1.2593
[INFO] 2024-04-15 20:19:41 > Step:     32 Progress: 64.0% Elapsed: 15:52:28 Loss: 1.259 Top1: 68.8 Top10: 92.71 
[INFO] 2024-04-15 20:19:41 > Start Validation (32 Step): LSFB-vanilla-medium-deep-daug-train-2024_04_15_04_25_08
[INFO] 2024-04-15 20:19:46 > Test Top 1-acc 30.6972	Test Top 10-acc 73.0468	Test Loss 3.526301710243553
[INFO] 2024-04-15 20:19:46 > Best Loss (Step: 16): 3.517449409025788	Best Top 1-acc 30.6972	Best Top 10-acc 73.0468
[INFO] 2024-04-15 20:19:46 > Save model to /mnt/sda2/models/HandCraft/samples/LSFB/conv1d-vanilla-medium-deep-daug/checkpoints/LSFB-vanilla-medium-deep-daug-train-2024_04_15_04_25_08
[INFO] 2024-04-15 21:14:19 > Train Top 1-acc 69.9209	Train Top 10-acc 93.1487	Train Loss 1.2056
[INFO] 2024-04-15 21:14:19 > Step:     33 Progress: 66.0% Elapsed: 16:47:07 Loss: 1.206 Top1: 69.92 Top10: 93.15 
[INFO] 2024-04-15 21:14:19 > Start Validation (33 Step): LSFB-vanilla-medium-deep-daug-train-2024_04_15_04_25_08
[INFO] 2024-04-15 21:14:24 > Test Top 1-acc 28.4050	Test Top 10-acc 70.2579	Test Loss 3.772507760267431
[INFO] 2024-04-15 21:14:24 > Best Loss (Step: 16): 3.517449409025788	Best Top 1-acc 28.4050	Best Top 10-acc 70.2579
[INFO] 2024-04-15 21:14:24 > Save model to /mnt/sda2/models/HandCraft/samples/LSFB/conv1d-vanilla-medium-deep-daug/checkpoints/LSFB-vanilla-medium-deep-daug-train-2024_04_15_04_25_08
[INFO] 2024-04-15 22:08:59 > Train Top 1-acc 70.9985	Train Top 10-acc 93.5476	Train Loss 1.1586
[INFO] 2024-04-15 22:08:59 > Step:     34 Progress: 68.0% Elapsed: 17:41:47 Loss: 1.159 Top1: 71.0 Top10: 93.55 
[INFO] 2024-04-15 22:08:59 > Start Validation (34 Step): LSFB-vanilla-medium-deep-daug-train-2024_04_15_04_25_08
[INFO] 2024-04-15 22:09:04 > Test Top 1-acc 27.6218	Test Top 10-acc 70.2006	Test Loss 4.066551008834766
[INFO] 2024-04-15 22:09:04 > Best Loss (Step: 16): 3.517449409025788	Best Top 1-acc 27.6218	Best Top 10-acc 70.2006
[INFO] 2024-04-15 22:09:04 > Save model to /mnt/sda2/models/HandCraft/samples/LSFB/conv1d-vanilla-medium-deep-daug/checkpoints/LSFB-vanilla-medium-deep-daug-train-2024_04_15_04_25_08
[INFO] 2024-04-15 23:03:39 > Train Top 1-acc 72.3022	Train Top 10-acc 93.9657	Train Loss 1.1059
[INFO] 2024-04-15 23:03:39 > Step:     35 Progress: 70.0% Elapsed: 18:36:27 Loss: 1.106 Top1: 72.3 Top10: 93.97 
[INFO] 2024-04-15 23:03:39 > Start Validation (35 Step): LSFB-vanilla-medium-deep-daug-train-2024_04_15_04_25_08
[INFO] 2024-04-15 23:03:44 > Test Top 1-acc 28.9780	Test Top 10-acc 70.7927	Test Loss 3.9244041756208214
[INFO] 2024-04-15 23:03:44 > Best Loss (Step: 16): 3.517449409025788	Best Top 1-acc 28.9780	Best Top 10-acc 70.7927
[INFO] 2024-04-15 23:03:44 > Save model to /mnt/sda2/models/HandCraft/samples/LSFB/conv1d-vanilla-medium-deep-daug/checkpoints/LSFB-vanilla-medium-deep-daug-train-2024_04_15_04_25_08
[INFO] 2024-04-15 23:58:19 > Train Top 1-acc 73.5078	Train Top 10-acc 94.3700	Train Loss 1.0532
[INFO] 2024-04-15 23:58:19 > Step:     36 Progress: 72.0% Elapsed: 19:31:06 Loss: 1.053 Top1: 73.51 Top10: 94.37 
[INFO] 2024-04-15 23:58:19 > Start Validation (36 Step): LSFB-vanilla-medium-deep-daug-train-2024_04_15_04_25_08
[INFO] 2024-04-15 23:58:24 > Test Top 1-acc 29.5320	Test Top 10-acc 72.5119	Test Loss 3.8390811544890164
[INFO] 2024-04-15 23:58:24 > Best Loss (Step: 16): 3.517449409025788	Best Top 1-acc 29.5320	Best Top 10-acc 72.5119
[INFO] 2024-04-15 23:58:24 > Save model to /mnt/sda2/models/HandCraft/samples/LSFB/conv1d-vanilla-medium-deep-daug/checkpoints/LSFB-vanilla-medium-deep-daug-train-2024_04_15_04_25_08
[INFO] 2024-04-16 00:52:59 > Train Top 1-acc 74.7865	Train Top 10-acc 94.7350	Train Loss 1.0012
[INFO] 2024-04-16 00:52:59 > Step:     37 Progress: 74.0% Elapsed: 20:25:46 Loss: 1.001 Top1: 74.79 Top10: 94.74 
[INFO] 2024-04-16 00:52:59 > Start Validation (37 Step): LSFB-vanilla-medium-deep-daug-train-2024_04_15_04_25_08
[INFO] 2024-04-16 00:53:04 > Test Top 1-acc 29.9522	Test Top 10-acc 71.3849	Test Loss 3.893858942215855
[INFO] 2024-04-16 00:53:04 > Best Loss (Step: 16): 3.517449409025788	Best Top 1-acc 29.9522	Best Top 10-acc 71.3849
[INFO] 2024-04-16 00:53:04 > Save model to /mnt/sda2/models/HandCraft/samples/LSFB/conv1d-vanilla-medium-deep-daug/checkpoints/LSFB-vanilla-medium-deep-daug-train-2024_04_15_04_25_08
[INFO] 2024-04-16 01:47:38 > Train Top 1-acc 75.9012	Train Top 10-acc 95.0647	Train Loss 0.9554
[INFO] 2024-04-16 01:47:38 > Step:     38 Progress: 76.0% Elapsed: 21:20:26 Loss: 0.9554 Top1: 75.9 Top10: 95.06 
[INFO] 2024-04-16 01:47:38 > Start Validation (38 Step): LSFB-vanilla-medium-deep-daug-train-2024_04_15_04_25_08
[INFO] 2024-04-16 01:47:43 > Test Top 1-acc 32.2827	Test Top 10-acc 73.4862	Test Loss 3.6344078319006687
[INFO] 2024-04-16 01:47:43 > Best Loss (Step: 16): 3.517449409025788	Best Top 1-acc 32.2827	Best Top 10-acc 73.4862
[INFO] 2024-04-16 01:47:43 > Save model to /mnt/sda2/models/HandCraft/samples/LSFB/conv1d-vanilla-medium-deep-daug/checkpoints/LSFB-vanilla-medium-deep-daug-train-2024_04_15_04_25_08
[INFO] 2024-04-16 02:42:17 > Train Top 1-acc 77.0787	Train Top 10-acc 95.3938	Train Loss 0.9065
[INFO] 2024-04-16 02:42:17 > Step:     39 Progress: 78.0% Elapsed: 22:15:05 Loss: 0.9065 Top1: 77.08 Top10: 95.39 
[INFO] 2024-04-16 02:42:17 > Start Validation (39 Step): LSFB-vanilla-medium-deep-daug-train-2024_04_15_04_25_08
[INFO] 2024-04-16 02:42:22 > Test Top 1-acc 32.3591	Test Top 10-acc 73.7345	Test Loss 3.6872712959646607
[INFO] 2024-04-16 02:42:22 > Best Loss (Step: 16): 3.517449409025788	Best Top 1-acc 32.3591	Best Top 10-acc 73.7345
[INFO] 2024-04-16 02:42:22 > Save model to /mnt/sda2/models/HandCraft/samples/LSFB/conv1d-vanilla-medium-deep-daug/checkpoints/LSFB-vanilla-medium-deep-daug-train-2024_04_15_04_25_08
[INFO] 2024-04-16 03:36:55 > Train Top 1-acc 78.1960	Train Top 10-acc 95.7029	Train Loss 0.8612
[INFO] 2024-04-16 03:36:55 > Step:     40 Progress: 80.0% Elapsed: 23:09:43 Loss: 0.8612 Top1: 78.2 Top10: 95.7 
[INFO] 2024-04-16 03:36:55 > Start Validation (40 Step): LSFB-vanilla-medium-deep-daug-train-2024_04_15_04_25_08
[INFO] 2024-04-16 03:37:00 > Test Top 1-acc 32.5310	Test Top 10-acc 73.3333	Test Loss 3.8469596913801336
[INFO] 2024-04-16 03:37:00 > Best Loss (Step: 16): 3.517449409025788	Best Top 1-acc 32.5310	Best Top 10-acc 73.3333
[INFO] 2024-04-16 03:37:00 > Save model to /mnt/sda2/models/HandCraft/samples/LSFB/conv1d-vanilla-medium-deep-daug/checkpoints/LSFB-vanilla-medium-deep-daug-train-2024_04_15_04_25_08
[INFO] 2024-04-16 04:31:34 > Train Top 1-acc 79.2466	Train Top 10-acc 95.9795	Train Loss 0.8189
[INFO] 2024-04-16 04:31:34 > Step:     41 Progress: 82.0% Elapsed: 1 day, 0:04:21 Loss: 0.8189 Top1: 79.25 Top10: 95.98 
[INFO] 2024-04-16 04:31:34 > Start Validation (41 Step): LSFB-vanilla-medium-deep-daug-train-2024_04_15_04_25_08
[INFO] 2024-04-16 04:31:39 > Test Top 1-acc 33.6581	Test Top 10-acc 74.4031	Test Loss 3.7637043338108884
[INFO] 2024-04-16 04:31:39 > Best Loss (Step: 16): 3.517449409025788	Best Top 1-acc 33.6581	Best Top 10-acc 74.4031
[INFO] 2024-04-16 04:31:39 > Save model to /mnt/sda2/models/HandCraft/samples/LSFB/conv1d-vanilla-medium-deep-daug/checkpoints/LSFB-vanilla-medium-deep-daug-train-2024_04_15_04_25_08
[INFO] 2024-04-16 05:26:12 > Train Top 1-acc 80.2470	Train Top 10-acc 96.2456	Train Loss 0.7771
[INFO] 2024-04-16 05:26:12 > Step:     42 Progress: 84.0% Elapsed: 1 day, 0:59:00 Loss: 0.7771 Top1: 80.25 Top10: 96.25 
[INFO] 2024-04-16 05:26:12 > Start Validation (42 Step): LSFB-vanilla-medium-deep-daug-train-2024_04_15_04_25_08
[INFO] 2024-04-16 05:26:17 > Test Top 1-acc 33.5626	Test Top 10-acc 74.7851	Test Loss 3.8183798949379177
[INFO] 2024-04-16 05:26:17 > Best Loss (Step: 16): 3.517449409025788	Best Top 1-acc 33.5626	Best Top 10-acc 74.7851
[INFO] 2024-04-16 05:26:17 > Save model to /mnt/sda2/models/HandCraft/samples/LSFB/conv1d-vanilla-medium-deep-daug/checkpoints/LSFB-vanilla-medium-deep-daug-train-2024_04_15_04_25_08
[INFO] 2024-04-16 06:20:53 > Train Top 1-acc 81.2215	Train Top 10-acc 96.4726	Train Loss 0.7407
[INFO] 2024-04-16 06:20:53 > Step:     43 Progress: 86.0% Elapsed: 1 day, 1:53:40 Loss: 0.7407 Top1: 81.22 Top10: 96.47 
[INFO] 2024-04-16 06:20:53 > Start Validation (43 Step): LSFB-vanilla-medium-deep-daug-train-2024_04_15_04_25_08
[INFO] 2024-04-16 06:20:58 > Test Top 1-acc 33.4288	Test Top 10-acc 74.2693	Test Loss 3.8930071782473736
[INFO] 2024-04-16 06:20:58 > Best Loss (Step: 16): 3.517449409025788	Best Top 1-acc 33.4288	Best Top 10-acc 74.2693
[INFO] 2024-04-16 06:20:58 > Save model to /mnt/sda2/models/HandCraft/samples/LSFB/conv1d-vanilla-medium-deep-daug/checkpoints/LSFB-vanilla-medium-deep-daug-train-2024_04_15_04_25_08
[INFO] 2024-04-16 07:15:34 > Train Top 1-acc 82.0161	Train Top 10-acc 96.6479	Train Loss 0.7086
[INFO] 2024-04-16 07:15:34 > Step:     44 Progress: 88.0% Elapsed: 1 day, 2:48:21 Loss: 0.7086 Top1: 82.02 Top10: 96.65 
[INFO] 2024-04-16 07:15:34 > Start Validation (44 Step): LSFB-vanilla-medium-deep-daug-train-2024_04_15_04_25_08
[INFO] 2024-04-16 07:15:39 > Test Top 1-acc 33.6390	Test Top 10-acc 74.4795	Test Loss 3.899975749164279
[INFO] 2024-04-16 07:15:39 > Best Loss (Step: 16): 3.517449409025788	Best Top 1-acc 33.6390	Best Top 10-acc 74.4795
[INFO] 2024-04-16 07:15:39 > Save model to /mnt/sda2/models/HandCraft/samples/LSFB/conv1d-vanilla-medium-deep-daug/checkpoints/LSFB-vanilla-medium-deep-daug-train-2024_04_15_04_25_08
[INFO] 2024-04-16 08:10:14 > Train Top 1-acc 82.7655	Train Top 10-acc 96.8303	Train Loss 0.6782
[INFO] 2024-04-16 08:10:14 > Step:     45 Progress: 90.0% Elapsed: 1 day, 3:43:02 Loss: 0.6782 Top1: 82.77 Top10: 96.83 
[INFO] 2024-04-16 08:10:14 > Start Validation (45 Step): LSFB-vanilla-medium-deep-daug-train-2024_04_15_04_25_08
[INFO] 2024-04-16 08:10:20 > Test Top 1-acc 34.3840	Test Top 10-acc 75.5301	Test Loss 3.8056926038681946
[INFO] 2024-04-16 08:10:20 > Best Loss (Step: 16): 3.517449409025788	Best Top 1-acc 34.3840	Best Top 10-acc 75.5301
[INFO] 2024-04-16 08:10:20 > Save model to /mnt/sda2/models/HandCraft/samples/LSFB/conv1d-vanilla-medium-deep-daug/checkpoints/LSFB-vanilla-medium-deep-daug-train-2024_04_15_04_25_08
[INFO] 2024-04-16 09:04:55 > Train Top 1-acc 83.4967	Train Top 10-acc 96.9641	Train Loss 0.6527
[INFO] 2024-04-16 09:04:55 > Step:     46 Progress: 92.0% Elapsed: 1 day, 4:37:42 Loss: 0.6527 Top1: 83.5 Top10: 96.96 
[INFO] 2024-04-16 09:04:55 > Start Validation (46 Step): LSFB-vanilla-medium-deep-daug-train-2024_04_15_04_25_08
[INFO] 2024-04-16 09:05:00 > Test Top 1-acc 34.8997	Test Top 10-acc 74.9379	Test Loss 3.9317835183858643
[INFO] 2024-04-16 09:05:00 > Best Loss (Step: 16): 3.517449409025788	Best Top 1-acc 34.8997	Best Top 10-acc 74.9379
[INFO] 2024-04-16 09:05:00 > Save model to /mnt/sda2/models/HandCraft/samples/LSFB/conv1d-vanilla-medium-deep-daug/checkpoints/LSFB-vanilla-medium-deep-daug-train-2024_04_15_04_25_08
[INFO] 2024-04-16 09:59:33 > Train Top 1-acc 83.9845	Train Top 10-acc 97.0581	Train Loss 0.6341
[INFO] 2024-04-16 09:59:33 > Step:     47 Progress: 94.0% Elapsed: 1 day, 5:32:21 Loss: 0.6341 Top1: 83.98 Top10: 97.06 
[INFO] 2024-04-16 09:59:33 > Start Validation (47 Step): LSFB-vanilla-medium-deep-daug-train-2024_04_15_04_25_08
[INFO] 2024-04-16 09:59:38 > Test Top 1-acc 34.6705	Test Top 10-acc 75.2245	Test Loss 3.9392221824259788
[INFO] 2024-04-16 09:59:38 > Best Loss (Step: 16): 3.517449409025788	Best Top 1-acc 34.6705	Best Top 10-acc 75.2245
[INFO] 2024-04-16 09:59:39 > Save model to /mnt/sda2/models/HandCraft/samples/LSFB/conv1d-vanilla-medium-deep-daug/checkpoints/LSFB-vanilla-medium-deep-daug-train-2024_04_15_04_25_08
[INFO] 2024-04-16 10:31:05 > Train Top 1-acc 84.4347	Train Top 10-acc 97.1519	Train Loss 0.6149
[INFO] 2024-04-16 10:31:05 > Step:     48 Progress: 96.0% Elapsed: 1 day, 6:03:52 Loss: 0.6149 Top1: 84.43 Top10: 97.15 
[INFO] 2024-04-16 10:31:05 > Start Validation (48 Step): LSFB-vanilla-medium-deep-daug-train-2024_04_15_04_25_08
[INFO] 2024-04-16 10:31:07 > Test Top 1-acc 35.9694	Test Top 10-acc 75.5110	Test Loss 3.8708710154011463
[INFO] 2024-04-16 10:31:07 > Best Loss (Step: 16): 3.517449409025788	Best Top 1-acc 35.9694	Best Top 10-acc 75.5110
[INFO] 2024-04-16 10:31:07 > Save model to /mnt/sda2/models/HandCraft/samples/LSFB/conv1d-vanilla-medium-deep-daug/checkpoints/LSFB-vanilla-medium-deep-daug-train-2024_04_15_04_25_08
[INFO] 2024-04-16 10:56:42 > Train Top 1-acc 84.7768	Train Top 10-acc 97.2301	Train Loss 0.6042
[INFO] 2024-04-16 10:56:42 > Step:     49 Progress: 98.0% Elapsed: 1 day, 6:29:29 Loss: 0.6042 Top1: 84.78 Top10: 97.23 
[INFO] 2024-04-16 10:56:42 > Start Validation (49 Step): LSFB-vanilla-medium-deep-daug-train-2024_04_15_04_25_08
[INFO] 2024-04-16 10:56:44 > Test Top 1-acc 35.3582	Test Top 10-acc 75.8930	Test Loss 3.888173427053486
[INFO] 2024-04-16 10:56:44 > Best Loss (Step: 16): 3.517449409025788	Best Top 1-acc 35.3582	Best Top 10-acc 75.8930
[INFO] 2024-04-16 10:56:44 > Save model to /mnt/sda2/models/HandCraft/samples/LSFB/conv1d-vanilla-medium-deep-daug/checkpoints/LSFB-vanilla-medium-deep-daug-train-2024_04_15_04_25_08
[INFO] 2024-04-16 11:22:19 > Train Top 1-acc 84.8768	Train Top 10-acc 97.2468	Train Loss 0.5977
[INFO] 2024-04-16 11:22:19 > Step:     50 Progress: 100.0% Elapsed: 1 day, 6:55:06 Loss: 0.5977 Top1: 84.88 Top10: 97.25 
[INFO] 2024-04-16 11:22:19 > Start Validation (50 Step): LSFB-vanilla-medium-deep-daug-train-2024_04_15_04_25_08
[INFO] 2024-04-16 11:22:21 > Test Top 1-acc 35.4155	Test Top 10-acc 75.1862	Test Loss 3.8971585482330466
[INFO] 2024-04-16 11:22:21 > Best Loss (Step: 16): 3.517449409025788	Best Top 1-acc 35.4155	Best Top 10-acc 75.1862
[INFO] 2024-04-16 11:22:22 > Save model to /mnt/sda2/models/HandCraft/samples/LSFB/conv1d-vanilla-medium-deep-daug/checkpoints/LSFB-vanilla-medium-deep-daug-train-2024_04_15_04_25_08
[INFO] 2024-04-16 11:22:22 > End of training!


[INFO] 2024-04-16 11:22:22 > --------------------------------------------------------------------------------
[INFO] 2024-04-16 11:22:22 > Start Testing (3.517449409025788 Step): LSFB-vanilla-medium-deep-daug-train-2024_04_15_04_25_08
[INFO] 2024-04-16 11:22:38 > Test Top 1-acc 21.6481	Test Top 10-acc 64.6596	Test Loss 3.884358559406126
